Unity Editor version:    2021.3.17f1 (3e8111cac19d)
Branch:                  2021.3/release
Build type:              Release
Batch mode:              YES
macOS version:           Version 14.1.1 (Build 23B81)
Darwin version:          23.1.0
Architecture:            arm64
Running under Rosetta:   NO
Available memory:        16384 MB
Using pre-set license
Pro License: YES

COMMAND LINE ARGUMENTS:
/Applications/Unity/Hub/Editor/2021.3.17f1/Unity.app/Contents/MacOS/Unity
-adb2
-batchMode
-noUpm
-name
AssetImportWorker0
-projectPath
/Users/gcerpa/git/CS583_Group_Project/OurSlender
-logFile
Logs/AssetImportWorker0.log
-srvPort
55248
Successfully changed project path to: /Users/gcerpa/git/CS583_Group_Project/OurSlender
/Users/gcerpa/git/CS583_Group_Project/OurSlender
[UnityMemory] Configuration Parameters - Can be set up in boot.config
    "memorysetup-bucket-allocator-granularity=16"
    "memorysetup-bucket-allocator-bucket-count=8"
    "memorysetup-bucket-allocator-block-size=33554432"
    "memorysetup-bucket-allocator-block-count=8"
    "memorysetup-main-allocator-block-size=16777216"
    "memorysetup-thread-allocator-block-size=16777216"
    "memorysetup-gfx-main-allocator-block-size=16777216"
    "memorysetup-gfx-thread-allocator-block-size=16777216"
    "memorysetup-cache-allocator-block-size=4194304"
    "memorysetup-typetree-allocator-block-size=2097152"
    "memorysetup-profiler-bucket-allocator-granularity=16"
    "memorysetup-profiler-bucket-allocator-bucket-count=8"
    "memorysetup-profiler-bucket-allocator-block-size=33554432"
    "memorysetup-profiler-bucket-allocator-block-count=8"
    "memorysetup-profiler-allocator-block-size=16777216"
    "memorysetup-profiler-editor-allocator-block-size=1048576"
    "memorysetup-temp-allocator-size-main=16777216"
    "memorysetup-job-temp-allocator-block-size=2097152"
    "memorysetup-job-temp-allocator-block-size-background=1048576"
    "memorysetup-job-temp-allocator-reduction-small-platforms=262144"
    "memorysetup-temp-allocator-size-background-worker=32768"
    "memorysetup-temp-allocator-size-job-worker=262144"
    "memorysetup-temp-allocator-size-preload-manager=33554432"
    "memorysetup-temp-allocator-size-nav-mesh-worker=65536"
    "memorysetup-temp-allocator-size-audio-worker=65536"
    "memorysetup-temp-allocator-size-cloud-worker=32768"
    "memorysetup-temp-allocator-size-gi-baking-worker=262144"
    "memorysetup-temp-allocator-size-gfx=262144"
Player connection [8157667008] Host "[IP] 192.168.1.10 [Port] 0 [Flags] 2 [Guid] 2265344146 [EditorId] 2265344146 [Version] 1048832 [Id] OSXEditor(0,Gerardos-MacBook-Pro-2.local) [Debug] 1 [PackageName] OSXEditor [ProjectName] Editor" joined multi-casting on [225.0.0.222:54997]...

Player connection [8157667008] Host "[IP] 192.168.1.10 [Port] 0 [Flags] 2 [Guid] 2265344146 [EditorId] 2265344146 [Version] 1048832 [Id] OSXEditor(0,Gerardos-MacBook-Pro-2.local) [Debug] 1 [PackageName] OSXEditor [ProjectName] Editor" joined alternative multi-casting on [225.0.0.222:34997]...

Refreshing native plugins compatible for Editor in 78.36 ms, found 2 plugins.
Preloading 0 native plugins for Editor in 0.00 ms.
Initialize engine version: 2021.3.17f1 (3e8111cac19d)
[Subsystems] Discovering subsystems at path /Applications/Unity/Hub/Editor/2021.3.17f1/Unity.app/Contents/Resources/UnitySubsystems
[Subsystems] Discovering subsystems at path /Users/gcerpa/git/CS583_Group_Project/OurSlender/Assets
GfxDevice: creating device client; threaded=0; jobified=0
 preferred device: Apple M1 (high power)
Metal devices available: 1
0: Apple M1 (high power)
Using device Apple M1 (high power)
Initializing Metal device caps: Apple M1
Initialize mono
Mono path[0] = '/Applications/Unity/Hub/Editor/2021.3.17f1/Unity.app/Contents/Managed'
Mono path[1] = '/Applications/Unity/Hub/Editor/2021.3.17f1/Unity.app/Contents/MonoBleedingEdge/lib/mono/unityjit-macos'
Mono config path = '/Applications/Unity/Hub/Editor/2021.3.17f1/Unity.app/Contents/MonoBleedingEdge/etc'
Using monoOptions --debugger-agent=transport=dt_socket,embedding=1,server=y,suspend=n,address=127.0.0.1:56650
Begin MonoManager ReloadAssembly
Registering precompiled unity dll's ...
Register platform support module: /Applications/Unity/Hub/Editor/2021.3.17f1/Unity.app/Contents/PlaybackEngines/MacStandaloneSupport/UnityEditor.OSXStandalone.Extensions.dll
Registered in 0.000395 seconds.
Native extension for OSXStandalone target not found
Refreshing native plugins compatible for Editor in 78.15 ms, found 2 plugins.
Preloading 0 native plugins for Editor in 0.00 ms.
Mono: successfully reloaded assembly
- Completed reload, in  0.413 seconds
Domain Reload Profiling:
	ReloadAssembly (413ms)
		BeginReloadAssembly (34ms)
			ExecutionOrderSort (0ms)
			DisableScriptedObjects (0ms)
			BackupInstance (0ms)
			ReleaseScriptingObjects (0ms)
			CreateAndSetChildDomain (0ms)
		EndReloadAssembly (314ms)
			LoadAssemblies (33ms)
			RebuildTransferFunctionScriptingTraits (0ms)
			SetupTypeCache (68ms)
			ReleaseScriptCaches (0ms)
			RebuildScriptCaches (22ms)
			SetupLoadedEditorAssemblies (195ms)
				LogAssemblyErrors (0ms)
				InitializePlatformSupportModulesInManaged (4ms)
				SetLoadedEditorAssemblies (0ms)
				RefreshPlugins (78ms)
				BeforeProcessingInitializeOnLoad (1ms)
				ProcessInitializeOnLoadAttributes (84ms)
				ProcessInitializeOnLoadMethodAttributes (27ms)
				AfterProcessingInitializeOnLoad (0ms)
				EditorAssembliesLoaded (0ms)
			ExecutionOrderSort2 (0ms)
			AwakeInstancesAfterBackupRestoration (0ms)
Platform modules already initialized, skipping
Registering precompiled user dll's ...
Registered in 0.001994 seconds.
Begin MonoManager ReloadAssembly
Symbol file LoadedFromMemory doesn't match image /Users/gcerpa/git/CS583_Group_Project/OurSlender/Library/PackageCache/com.unity.visualscripting@1.8.0/Editor/VisualScripting.Core/Dependencies/YamlDotNet/Unity.VisualScripting.YamlDotNet.dll
Symbol file LoadedFromMemory doesn't match image /Users/gcerpa/git/CS583_Group_Project/OurSlender/Library/PackageCache/com.unity.visualscripting@1.8.0/Editor/VisualScripting.Core/Dependencies/DotNetZip/Unity.VisualScripting.IonicZip.dll
Native extension for OSXStandalone target not found
Refreshing native plugins compatible for Editor in 0.30 ms, found 2 plugins.
Preloading 0 native plugins for Editor in 0.00 ms.
Mono: successfully reloaded assembly
- Completed reload, in  0.635 seconds
Domain Reload Profiling:
	ReloadAssembly (635ms)
		BeginReloadAssembly (56ms)
			ExecutionOrderSort (0ms)
			DisableScriptedObjects (3ms)
			BackupInstance (0ms)
			ReleaseScriptingObjects (0ms)
			CreateAndSetChildDomain (16ms)
		EndReloadAssembly (512ms)
			LoadAssemblies (45ms)
			RebuildTransferFunctionScriptingTraits (0ms)
			SetupTypeCache (173ms)
			ReleaseScriptCaches (0ms)
			RebuildScriptCaches (38ms)
			SetupLoadedEditorAssemblies (218ms)
				LogAssemblyErrors (0ms)
				InitializePlatformSupportModulesInManaged (2ms)
				SetLoadedEditorAssemblies (0ms)
				RefreshPlugins (0ms)
				BeforeProcessingInitializeOnLoad (56ms)
				ProcessInitializeOnLoadAttributes (145ms)
				ProcessInitializeOnLoadMethodAttributes (13ms)
				AfterProcessingInitializeOnLoad (1ms)
				EditorAssembliesLoaded (0ms)
			ExecutionOrderSort2 (0ms)
			AwakeInstancesAfterBackupRestoration (2ms)
Platform modules already initialized, skipping
========================================================================
Worker process is ready to serve import requests
Launching external process: /Applications/Unity/Hub/Editor/2021.3.17f1/Unity.app/Contents/Tools/UnityShaderCompiler
Launched and connected shader compiler UnityShaderCompiler after 0.05 seconds
Refreshing native plugins compatible for Editor in 0.46 ms, found 2 plugins.
Preloading 0 native plugins for Editor in 0.00 ms.
Unloading 3376 Unused Serialized files (Serialized files now loaded: 0)
Unloading 25 unused Assets / (296.5 KB). Loaded Objects now: 3853.
Memory consumption went from 124.3 MB to 124.0 MB.
Total: 2.374625 ms (FindLiveObjects: 0.141167 ms CreateObjectMapping: 0.045250 ms MarkObjects: 2.128666 ms  DeleteObjects: 0.058708 ms)

AssetImportParameters requested are different than current active one (requested -> active):
  custom:video-decoder-ogg-theora: a1e56fd34408186e4bbccfd4996cb3dc -> 
  custom:container-muxer-webm: aa71ff27fc2769a1b78a27578f13a17b -> 
  custom:container-demuxer-webm: 4f35f7cbe854078d1ac9338744f61a02 -> 
  custom:video-encoder-webm-vp8: eb34c28f22e8b96e1ab97ce403110664 -> 
  custom:framework-osx-AVFoundation: e770b220cccbd017edd2c1fefb359320 -> 
  custom:audio-encoder-webm-vorbis: bf7c407c2cedff20999df2af8eb42d56 -> 
  custom:container-demuxer-ogg: 62fdf1f143b41e24485cea50d1cbac27 -> 
  custom:video-decoder-webm-vp8: 9c59270c3fd7afecdb556c50c9e8de78 -> 
  custom:audio-decoder-ogg-vorbis: bf7c407c2cedff20999df2af8eb42d56 -> 
========================================================================
Received Import Request.
  Time since last request: 451979.016873 seconds.
  path: Assets/New Terrain.asset
  artifactKey: Guid(e35a6fd7505744cebbf97cc014c4882d) Importer(815301076,1909f56bfc062723c751e8b465ee728b)
Start importing Assets/New Terrain.asset using Guid(e35a6fd7505744cebbf97cc014c4882d) Importer(815301076,1909f56bfc062723c751e8b465ee728b)  -> (artifact id: '0c88efb28761890e1285010ea611c813') in 0.084342 seconds 
========================================================================
Received Import Request.
  Time since last request: 9.352738 seconds.
  path: Assets/DINER/Textures/Wood_03.jpg
  artifactKey: Guid(720b567aa43334aebb1605e311bf3b9a) Importer(815301076,1909f56bfc062723c751e8b465ee728b)
Start importing Assets/DINER/Textures/Wood_03.jpg using Guid(720b567aa43334aebb1605e311bf3b9a) Importer(815301076,1909f56bfc062723c751e8b465ee728b)  -> (artifact id: 'de90b47793c5c338a585c044dc55e17d') in 0.078081 seconds 
========================================================================
Received Import Request.
  Time since last request: 0.000117 seconds.
  path: Assets/DINER/Textures/Wood_06.jpg
  artifactKey: Guid(c0b54c464cb3241a1b0787a9858218ef) Importer(815301076,1909f56bfc062723c751e8b465ee728b)
Start importing Assets/DINER/Textures/Wood_06.jpg using Guid(c0b54c464cb3241a1b0787a9858218ef) Importer(815301076,1909f56bfc062723c751e8b465ee728b)  -> (artifact id: '2c628b987c1ac394281122a447f59eff') in 0.007090 seconds 
========================================================================
Received Import Request.
  Time since last request: 1.177634 seconds.
  path: Assets/DINER/Textures/Wood.jpg
  artifactKey: Guid(75e13acbbce864cb09ac52c19e590c83) Importer(815301076,1909f56bfc062723c751e8b465ee728b)
Start importing Assets/DINER/Textures/Wood.jpg using Guid(75e13acbbce864cb09ac52c19e590c83) Importer(815301076,1909f56bfc062723c751e8b465ee728b)  -> (artifact id: '12593ed01682377b7a3dff6a63a7896f') in 0.008993 seconds 
========================================================================
Received Import Request.
  Time since last request: 0.029816 seconds.
  path: Assets/DINER/Textures/Toilet.png
  artifactKey: Guid(3902255ba12a54e37a059cea3758bceb) Importer(815301076,1909f56bfc062723c751e8b465ee728b)
Start importing Assets/DINER/Textures/Toilet.png using Guid(3902255ba12a54e37a059cea3758bceb) Importer(815301076,1909f56bfc062723c751e8b465ee728b)  -> (artifact id: '1ba4c3300aa82702a6ec694254a2cca0') in 0.069371 seconds 
========================================================================
Received Import Request.
  Time since last request: 0.000335 seconds.
  path: Assets/DINER/Textures/Tiles.jpg
  artifactKey: Guid(49fdda278d02a49cba297d902e3640d2) Importer(815301076,1909f56bfc062723c751e8b465ee728b)
Start importing Assets/DINER/Textures/Tiles.jpg using Guid(49fdda278d02a49cba297d902e3640d2) Importer(815301076,1909f56bfc062723c751e8b465ee728b)  -> (artifact id: '31728f4d7aa16c9495ddd09c4f6d281c') in 0.004895 seconds 
========================================================================
Received Import Request.
  Time since last request: 0.008962 seconds.
  path: Assets/DINER/Textures/Tiles_02.jpg
  artifactKey: Guid(75dc057f76050489abf1c443902ed2c7) Importer(815301076,1909f56bfc062723c751e8b465ee728b)
Start importing Assets/DINER/Textures/Tiles_02.jpg using Guid(75dc057f76050489abf1c443902ed2c7) Importer(815301076,1909f56bfc062723c751e8b465ee728b)  -> (artifact id: '99bd94bd4a2465fd2e0ffe7eb5ea47e7') in 0.004380 seconds 
========================================================================
Received Import Request.
  Time since last request: 0.000122 seconds.
  path: Assets/DINER/Textures/Tiles_01.jpg
  artifactKey: Guid(3a5393032c6c34f128bab6826a4d59a0) Importer(815301076,1909f56bfc062723c751e8b465ee728b)
Start importing Assets/DINER/Textures/Tiles_01.jpg using Guid(3a5393032c6c34f128bab6826a4d59a0) Importer(815301076,1909f56bfc062723c751e8b465ee728b)  -> (artifact id: '2b1642ae6937ed0b78196972188c23bb') in 0.005904 seconds 
========================================================================
Received Import Request.
  Time since last request: 0.001406 seconds.
  path: Assets/DINER/Textures/Soap_dispenser.png
  artifactKey: Guid(95c76a25f7fbd4634b85db07970947c6) Importer(815301076,1909f56bfc062723c751e8b465ee728b)
Start importing Assets/DINER/Textures/Soap_dispenser.png using Guid(95c76a25f7fbd4634b85db07970947c6) Importer(815301076,1909f56bfc062723c751e8b465ee728b)  -> (artifact id: '27a229cc6686a9fb0de4c45b7b0e4e64') in 0.005208 seconds 
========================================================================
Received Import Request.
  Time since last request: 0.000034 seconds.
  path: Assets/DINER/Textures/Sewer.png
  artifactKey: Guid(83e1551a97be14e3d83e9a343d60a824) Importer(815301076,1909f56bfc062723c751e8b465ee728b)
Start importing Assets/DINER/Textures/Sewer.png using Guid(83e1551a97be14e3d83e9a343d60a824) Importer(815301076,1909f56bfc062723c751e8b465ee728b)  -> (artifact id: 'acbd38628abe82e98eb76cc87011cc1c') in 0.004643 seconds 
========================================================================
Received Import Request.
  Time since last request: 0.000048 seconds.
  path: Assets/DINER/Textures/Roof_tiles.jpg
  artifactKey: Guid(43c849ae4bfe146ceb3dd4162bfa5bb2) Importer(815301076,1909f56bfc062723c751e8b465ee728b)
Start importing Assets/DINER/Textures/Roof_tiles.jpg using Guid(43c849ae4bfe146ceb3dd4162bfa5bb2) Importer(815301076,1909f56bfc062723c751e8b465ee728b)  -> (artifact id: '954867db6653cd51296fb50b4969a824') in 0.005511 seconds 
========================================================================
Received Import Request.
  Time since last request: 0.000040 seconds.
  path: Assets/DINER/Textures/Refrigerator_01.png
  artifactKey: Guid(3a667d75adc9b465182f6689554077c0) Importer(815301076,1909f56bfc062723c751e8b465ee728b)
Start importing Assets/DINER/Textures/Refrigerator_01.png using Guid(3a667d75adc9b465182f6689554077c0) Importer(815301076,1909f56bfc062723c751e8b465ee728b)  -> (artifact id: '759f8fb68a1e6a90b927759182e43d76') in 0.004733 seconds 
========================================================================
Received Import Request.
  Time since last request: 0.000044 seconds.
  path: Assets/DINER/Textures/Refrigerator.png
  artifactKey: Guid(e86014cd8fd014358af4263b329b72a0) Importer(815301076,1909f56bfc062723c751e8b465ee728b)
Start importing Assets/DINER/Textures/Refrigerator.png using Guid(e86014cd8fd014358af4263b329b72a0) Importer(815301076,1909f56bfc062723c751e8b465ee728b)  -> (artifact id: 'c805d6d62a878ebfc98203531ffb48a5') in 0.004230 seconds 
========================================================================
Received Import Request.
  Time since last request: 0.000095 seconds.
  path: Assets/DINER/Textures/Plastic.jpg
  artifactKey: Guid(3967d4d8f3cc2485686dafaf59328dff) Importer(815301076,1909f56bfc062723c751e8b465ee728b)
Start importing Assets/DINER/Textures/Plastic.jpg using Guid(3967d4d8f3cc2485686dafaf59328dff) Importer(815301076,1909f56bfc062723c751e8b465ee728b)  -> (artifact id: '02bb9524a589a385ec78e7d779c1a61e') in 0.004784 seconds 
========================================================================
Received Import Request.
  Time since last request: 0.000056 seconds.
  path: Assets/DINER/Textures/Refreshment.png
  artifactKey: Guid(34ebaba29312a40aaa166b72cce68a3e) Importer(815301076,1909f56bfc062723c751e8b465ee728b)
Start importing Assets/DINER/Textures/Refreshment.png using Guid(34ebaba29312a40aaa166b72cce68a3e) Importer(815301076,1909f56bfc062723c751e8b465ee728b)  -> (artifact id: '2e16968f4a32083b39fc210515e12497') in 0.004422 seconds 
========================================================================
Received Import Request.
  Time since last request: 0.000050 seconds.
  path: Assets/DINER/Textures/Refreshment_02.png
  artifactKey: Guid(004a156c7942c4e268ef128d3724d309) Importer(815301076,1909f56bfc062723c751e8b465ee728b)
Start importing Assets/DINER/Textures/Refreshment_02.png using Guid(004a156c7942c4e268ef128d3724d309) Importer(815301076,1909f56bfc062723c751e8b465ee728b)  -> (artifact id: 'a9086c741f34e7d8023a337a4ea5813a') in 0.004543 seconds 
========================================================================
Received Import Request.
  Time since last request: 0.000074 seconds.
  path: Assets/DINER/Textures/Paper_dispenser.png
  artifactKey: Guid(60602029201a14d3883b0e4303cbdb59) Importer(815301076,1909f56bfc062723c751e8b465ee728b)
Start importing Assets/DINER/Textures/Paper_dispenser.png using Guid(60602029201a14d3883b0e4303cbdb59) Importer(815301076,1909f56bfc062723c751e8b465ee728b)  -> (artifact id: '988e96d8b745a17e0329bd0bbabde86a') in 0.005612 seconds 
========================================================================
Received Import Request.
  Time since last request: 0.000043 seconds.
  path: Assets/DINER/Textures/Plastic_01.jpg
  artifactKey: Guid(67a9228ec49564c7180aa395b3e49e01) Importer(815301076,1909f56bfc062723c751e8b465ee728b)
Start importing Assets/DINER/Textures/Plastic_01.jpg using Guid(67a9228ec49564c7180aa395b3e49e01) Importer(815301076,1909f56bfc062723c751e8b465ee728b)  -> (artifact id: 'c785cee0620f210fce3544385cd1dd03') in 0.004500 seconds 
========================================================================
Received Import Request.
  Time since last request: 0.000039 seconds.
  path: Assets/DINER/Textures/Napkin_Ring.png
  artifactKey: Guid(27e5b59ebfda04472aeb8916ba0b0304) Importer(815301076,1909f56bfc062723c751e8b465ee728b)
Start importing Assets/DINER/Textures/Napkin_Ring.png using Guid(27e5b59ebfda04472aeb8916ba0b0304) Importer(815301076,1909f56bfc062723c751e8b465ee728b)  -> (artifact id: 'f0a04fe00c65cdf4150b36f372f82c90') in 0.004095 seconds 
========================================================================
Received Import Request.
  Time since last request: 0.000050 seconds.
  path: Assets/DINER/Textures/Metal_10.png
  artifactKey: Guid(58d0107e40798493cb7fa6bf4a50bd0b) Importer(815301076,1909f56bfc062723c751e8b465ee728b)
Start importing Assets/DINER/Textures/Metal_10.png using Guid(58d0107e40798493cb7fa6bf4a50bd0b) Importer(815301076,1909f56bfc062723c751e8b465ee728b)  -> (artifact id: 'd6b9efa88a5d493ed7accd44d814a9f5') in 0.005686 seconds 
========================================================================
Received Import Request.
  Time since last request: 0.000057 seconds.
  path: Assets/DINER/Textures/Metal_07.jpg
  artifactKey: Guid(0e46c2c25e5e94add94713f5ae4b0e54) Importer(815301076,1909f56bfc062723c751e8b465ee728b)
Start importing Assets/DINER/Textures/Metal_07.jpg using Guid(0e46c2c25e5e94add94713f5ae4b0e54) Importer(815301076,1909f56bfc062723c751e8b465ee728b)  -> (artifact id: 'ed5304134dad719b213ee5fb2999596f') in 0.004416 seconds 
========================================================================
Received Import Request.
  Time since last request: 0.000039 seconds.
  path: Assets/DINER/Textures/Metal_06.jpg
  artifactKey: Guid(602191a1209574efbb233a29fdec65c1) Importer(815301076,1909f56bfc062723c751e8b465ee728b)
Start importing Assets/DINER/Textures/Metal_06.jpg using Guid(602191a1209574efbb233a29fdec65c1) Importer(815301076,1909f56bfc062723c751e8b465ee728b)  -> (artifact id: 'cb50215ea45ae7b13cda480176ec1c9c') in 0.004847 seconds 
========================================================================
Received Import Request.
  Time since last request: 0.000038 seconds.
  path: Assets/DINER/Textures/Metal_01.jpg
  artifactKey: Guid(887c7eef815bf48f697c5ade6a0c9e4f) Importer(815301076,1909f56bfc062723c751e8b465ee728b)
Start importing Assets/DINER/Textures/Metal_01.jpg using Guid(887c7eef815bf48f697c5ade6a0c9e4f) Importer(815301076,1909f56bfc062723c751e8b465ee728b)  -> (artifact id: 'a57dcbbf1a7dae9ea3ab7e62550d6509') in 0.004147 seconds 
========================================================================
Received Import Request.
  Time since last request: 0.000115 seconds.
  path: Assets/DINER/Textures/Oven.png
  artifactKey: Guid(6dce72d1ae9044054af404f16ee0f2e5) Importer(815301076,1909f56bfc062723c751e8b465ee728b)
Start importing Assets/DINER/Textures/Oven.png using Guid(6dce72d1ae9044054af404f16ee0f2e5) Importer(815301076,1909f56bfc062723c751e8b465ee728b)  -> (artifact id: '4473e6475a33215b369c2a2d8a975018') in 0.006093 seconds 
========================================================================
Received Import Request.
  Time since last request: 0.000053 seconds.
  path: Assets/DINER/Textures/Refreshment_03.png
  artifactKey: Guid(2fb79d3793aaf4a44a3769f6c46a2b4f) Importer(815301076,1909f56bfc062723c751e8b465ee728b)
Start importing Assets/DINER/Textures/Refreshment_03.png using Guid(2fb79d3793aaf4a44a3769f6c46a2b4f) Importer(815301076,1909f56bfc062723c751e8b465ee728b)  -> (artifact id: '95c51523c8ac1331c315158c65468061') in 0.005232 seconds 
========================================================================
Received Import Request.
  Time since last request: 0.000092 seconds.
  path: Assets/DINER/Textures/MENU.jpg
  artifactKey: Guid(99e4096cc7fa743a8930223f2e0f92bf) Importer(815301076,1909f56bfc062723c751e8b465ee728b)
Start importing Assets/DINER/Textures/MENU.jpg using Guid(99e4096cc7fa743a8930223f2e0f92bf) Importer(815301076,1909f56bfc062723c751e8b465ee728b)  -> (artifact id: '3925dbb56c7d19da098bd22568c002dd') in 0.005666 seconds 
========================================================================
Received Import Request.
  Time since last request: 0.000041 seconds.
  path: Assets/DINER/Textures/Marble.jpg
  artifactKey: Guid(73391255f9c70406086521df511e9672) Importer(815301076,1909f56bfc062723c751e8b465ee728b)
Start importing Assets/DINER/Textures/Marble.jpg using Guid(73391255f9c70406086521df511e9672) Importer(815301076,1909f56bfc062723c751e8b465ee728b)  -> (artifact id: '40f79d85052c6c93a8485f414bfdf2ed') in 0.005475 seconds 
========================================================================
Received Import Request.
  Time since last request: 0.000060 seconds.
  path: Assets/DINER/Textures/Lights_Emissor_01.png
  artifactKey: Guid(911a39e4bbe1c4b978565cfc54c1bf99) Importer(815301076,1909f56bfc062723c751e8b465ee728b)
Start importing Assets/DINER/Textures/Lights_Emissor_01.png using Guid(911a39e4bbe1c4b978565cfc54c1bf99) Importer(815301076,1909f56bfc062723c751e8b465ee728b)  -> (artifact id: '0b018d11bd5a6be9412aff604cbe12cf') in 0.004067 seconds 
========================================================================
Received Import Request.
  Time since last request: 0.000074 seconds.
  path: Assets/DINER/Textures/lemon.png
  artifactKey: Guid(6f40161cb40a04dc8aa27dbc428529ed) Importer(815301076,1909f56bfc062723c751e8b465ee728b)
Start importing Assets/DINER/Textures/lemon.png using Guid(6f40161cb40a04dc8aa27dbc428529ed) Importer(815301076,1909f56bfc062723c751e8b465ee728b)  -> (artifact id: '15d28c2e3f50582d804362e6e762a9c1') in 0.003837 seconds 
========================================================================
Received Import Request.
  Time since last request: 0.000043 seconds.
  path: Assets/DINER/Textures/Leather.jpg
  artifactKey: Guid(fe9b06d2d7f134c8ca8519558ce09497) Importer(815301076,1909f56bfc062723c751e8b465ee728b)
Start importing Assets/DINER/Textures/Leather.jpg using Guid(fe9b06d2d7f134c8ca8519558ce09497) Importer(815301076,1909f56bfc062723c751e8b465ee728b)  -> (artifact id: '8bac3d5a27063b7db5fe26c8784dc15c') in 0.005660 seconds 
========================================================================
Received Import Request.
  Time since last request: 0.000040 seconds.
  path: Assets/DINER/Textures/Lights_01.png
  artifactKey: Guid(27428f4149c66486ba19dfea046ac26b) Importer(815301076,1909f56bfc062723c751e8b465ee728b)
Start importing Assets/DINER/Textures/Lights_01.png using Guid(27428f4149c66486ba19dfea046ac26b) Importer(815301076,1909f56bfc062723c751e8b465ee728b)  -> (artifact id: 'cf93db3f1278b339e376bbb6aeeb2436') in 0.003888 seconds 
========================================================================
Received Import Request.
  Time since last request: 0.000061 seconds.
  path: Assets/DINER/Textures/MENU_Emissor.jpg
  artifactKey: Guid(fc1c72e4efcd04493a284d5ddd7d76ce) Importer(815301076,1909f56bfc062723c751e8b465ee728b)
Start importing Assets/DINER/Textures/MENU_Emissor.jpg using Guid(fc1c72e4efcd04493a284d5ddd7d76ce) Importer(815301076,1909f56bfc062723c751e8b465ee728b)  -> (artifact id: '131098fc22b645419a82f4eae947daca') in 0.004941 seconds 
========================================================================
Received Import Request.
  Time since last request: 0.000061 seconds.
  path: Assets/DINER/Textures/Moss.png
  artifactKey: Guid(fe6131e76e8194a9a835df40a80f22ec) Importer(815301076,1909f56bfc062723c751e8b465ee728b)
Start importing Assets/DINER/Textures/Moss.png using Guid(fe6131e76e8194a9a835df40a80f22ec) Importer(815301076,1909f56bfc062723c751e8b465ee728b)  -> (artifact id: 'ef4082cae6925fef8e7c0803966cc85e') in 0.005588 seconds 
========================================================================
Received Import Request.
  Time since last request: 0.000045 seconds.
  path: Assets/DINER/Textures/ketchup.png
  artifactKey: Guid(27834f5180b5c4f5ba86995c2f6ce2ea) Importer(815301076,1909f56bfc062723c751e8b465ee728b)
Start importing Assets/DINER/Textures/ketchup.png using Guid(27834f5180b5c4f5ba86995c2f6ce2ea) Importer(815301076,1909f56bfc062723c751e8b465ee728b)  -> (artifact id: 'c38eb1c4d6e6582c1a0efee33b074294') in 0.004370 seconds 
========================================================================
Received Import Request.
  Time since last request: 0.090492 seconds.
  path: Assets/DINER/Textures/Fryer.png
  artifactKey: Guid(97b2447f078844b50a93e8ca163910ab) Importer(815301076,1909f56bfc062723c751e8b465ee728b)
Start importing Assets/DINER/Textures/Fryer.png using Guid(97b2447f078844b50a93e8ca163910ab) Importer(815301076,1909f56bfc062723c751e8b465ee728b)  -> (artifact id: '51c3508464d3c0f6ae7ece264883b451') in 0.005026 seconds 
========================================================================
Received Import Request.
  Time since last request: 0.000061 seconds.
  path: Assets/DINER/Textures/Grid_01.png
  artifactKey: Guid(7ee91c6fabc1a4d7fb13d076bfb8490b) Importer(815301076,1909f56bfc062723c751e8b465ee728b)
Start importing Assets/DINER/Textures/Grid_01.png using Guid(7ee91c6fabc1a4d7fb13d076bfb8490b) Importer(815301076,1909f56bfc062723c751e8b465ee728b)  -> (artifact id: 'bbddf067f407bc36ec8c98720afd2148') in 0.007057 seconds 
========================================================================
Received Import Request.
  Time since last request: 0.000057 seconds.
  path: Assets/DINER/Textures/Hand_dryer.png
  artifactKey: Guid(c58b483130a64484e8053f5ddd80cc69) Importer(815301076,1909f56bfc062723c751e8b465ee728b)
Start importing Assets/DINER/Textures/Hand_dryer.png using Guid(c58b483130a64484e8053f5ddd80cc69) Importer(815301076,1909f56bfc062723c751e8b465ee728b)  -> (artifact id: 'ba67a27f1ea59830f6dae4c38cf2a56b') in 0.005160 seconds 
========================================================================
Received Import Request.
  Time since last request: 0.000111 seconds.
  path: Assets/DINER/Textures/guard_rails.jpg
  artifactKey: Guid(4196c6742492a42baabb0cc2ed0ff45d) Importer(815301076,1909f56bfc062723c751e8b465ee728b)
Start importing Assets/DINER/Textures/guard_rails.jpg using Guid(4196c6742492a42baabb0cc2ed0ff45d) Importer(815301076,1909f56bfc062723c751e8b465ee728b)  -> (artifact id: '84927600c50465f95c2fe60fc7bf29fe') in 0.003770 seconds 
========================================================================
Received Import Request.
  Time since last request: 0.008165 seconds.
  path: Assets/DINER/Textures/Door.jpg
  artifactKey: Guid(a1cf6ac107c1d47a59e0b7043a0a33f1) Importer(815301076,1909f56bfc062723c751e8b465ee728b)
Start importing Assets/DINER/Textures/Door.jpg using Guid(a1cf6ac107c1d47a59e0b7043a0a33f1) Importer(815301076,1909f56bfc062723c751e8b465ee728b)  -> (artifact id: '05fb10410ff3a08c1e4d51cff1627f87') in 0.004469 seconds 
========================================================================
Received Import Request.
  Time since last request: 0.000061 seconds.
  path: Assets/DINER/Textures/Dumpster.png
  artifactKey: Guid(48785879f497a42d692e900a2de3b5d2) Importer(815301076,1909f56bfc062723c751e8b465ee728b)
Start importing Assets/DINER/Textures/Dumpster.png using Guid(48785879f497a42d692e900a2de3b5d2) Importer(815301076,1909f56bfc062723c751e8b465ee728b)  -> (artifact id: '74c1f5cb774e62fd197d5b5754868704') in 0.004719 seconds 
========================================================================
Received Import Request.
  Time since last request: 0.138896 seconds.
  path: Assets/DINER/Textures/Concrete_02.jpg
  artifactKey: Guid(b8830d040429c47eeb0671d8ded1dfaa) Importer(815301076,1909f56bfc062723c751e8b465ee728b)
Start importing Assets/DINER/Textures/Concrete_02.jpg using Guid(b8830d040429c47eeb0671d8ded1dfaa) Importer(815301076,1909f56bfc062723c751e8b465ee728b)  -> (artifact id: '763778dc9d74995dad63f83b957dc9dc') in 0.004309 seconds 
========================================================================
Received Import Request.
  Time since last request: 0.012345 seconds.
  path: Assets/DINER/Textures/Concrete.jpg
  artifactKey: Guid(96dd97b31393c42b388207a4e6c221b6) Importer(815301076,1909f56bfc062723c751e8b465ee728b)
Start importing Assets/DINER/Textures/Concrete.jpg using Guid(96dd97b31393c42b388207a4e6c221b6) Importer(815301076,1909f56bfc062723c751e8b465ee728b)  -> (artifact id: '79064a6523d169705f556a8c578c1d5d') in 0.004392 seconds 
========================================================================
Received Import Request.
  Time since last request: 0.093636 seconds.
  path: Assets/DINER/Textures/Coffee_machine.jpg
  artifactKey: Guid(657c49cb424c047a5921a56b2f7b4e6d) Importer(815301076,1909f56bfc062723c751e8b465ee728b)
Start importing Assets/DINER/Textures/Coffee_machine.jpg using Guid(657c49cb424c047a5921a56b2f7b4e6d) Importer(815301076,1909f56bfc062723c751e8b465ee728b)  -> (artifact id: '9391a8eaf0c5aea84f2935b754abd3f3') in 0.005327 seconds 
========================================================================
Received Import Request.
  Time since last request: 0.012591 seconds.
  path: Assets/DINER/Textures/Bush.png
  artifactKey: Guid(f5e73813861364cadb79ba535e3d0230) Importer(815301076,1909f56bfc062723c751e8b465ee728b)
Start importing Assets/DINER/Textures/Bush.png using Guid(f5e73813861364cadb79ba535e3d0230) Importer(815301076,1909f56bfc062723c751e8b465ee728b)  -> (artifact id: '5221ff2ab002a4a9b62270061671fee2') in 0.004959 seconds 
========================================================================
Received Import Request.
  Time since last request: 0.000305 seconds.
  path: Assets/DINER/Textures/Asphalt_01.jpg
  artifactKey: Guid(883bf86f1dc54429c8d382decd54a0a0) Importer(815301076,1909f56bfc062723c751e8b465ee728b)
Start importing Assets/DINER/Textures/Asphalt_01.jpg using Guid(883bf86f1dc54429c8d382decd54a0a0) Importer(815301076,1909f56bfc062723c751e8b465ee728b)  -> (artifact id: '69e23db310abf188efc78ca36c3fdafb') in 0.005249 seconds 
========================================================================
Received Import Request.
  Time since last request: 0.000072 seconds.
  path: Assets/DINER/Textures/Breads.png
  artifactKey: Guid(b2f305882433544c5bf96d1b96a19a1f) Importer(815301076,1909f56bfc062723c751e8b465ee728b)
Start importing Assets/DINER/Textures/Breads.png using Guid(b2f305882433544c5bf96d1b96a19a1f) Importer(815301076,1909f56bfc062723c751e8b465ee728b)  -> (artifact id: '5d96a88078522dcc7d552eee0daac0eb') in 0.005786 seconds 
========================================================================
Received Import Request.
  Time since last request: 0.006961 seconds.
  path: Assets/DINER/Textures/Armchair.png
  artifactKey: Guid(dace331d87fea4049a25627084c2993e) Importer(815301076,1909f56bfc062723c751e8b465ee728b)
Start importing Assets/DINER/Textures/Armchair.png using Guid(dace331d87fea4049a25627084c2993e) Importer(815301076,1909f56bfc062723c751e8b465ee728b)  -> (artifact id: 'ac53c6e06b9a782ae1a64fe42cb8235a') in 0.005588 seconds 
========================================================================
Received Import Request.
  Time since last request: 55.957693 seconds.
  path: Assets/All/Models/NewLayer.terrainlayer
  artifactKey: Guid(481d0d6dfd9194603bcf5914e1515a1a) Importer(815301076,1909f56bfc062723c751e8b465ee728b)
Start importing Assets/All/Models/NewLayer.terrainlayer using Guid(481d0d6dfd9194603bcf5914e1515a1a) Importer(815301076,1909f56bfc062723c751e8b465ee728b)  -> (artifact id: '4288e39911e613a7f87552b3e5b75ee3') in 0.067960 seconds 
========================================================================
Received Import Request.
  Time since last request: 109.457520 seconds.
  path: Assets/DINER/Textures/Trash.png
  artifactKey: Guid(b4322b41de2de43f9abb350230c51747) Importer(815301076,1909f56bfc062723c751e8b465ee728b)
Start importing Assets/DINER/Textures/Trash.png using Guid(b4322b41de2de43f9abb350230c51747) Importer(815301076,1909f56bfc062723c751e8b465ee728b)  -> (artifact id: 'cae01e56f26ca67e62d8cf3b6d78492d') in 0.009120 seconds 
========================================================================
Received Import Request.
  Time since last request: 0.000062 seconds.
  path: Assets/DINER/Textures/Tree_01.png
  artifactKey: Guid(2917ed6dd83ef43759e55c0f401227d3) Importer(815301076,1909f56bfc062723c751e8b465ee728b)
Start importing Assets/DINER/Textures/Tree_01.png using Guid(2917ed6dd83ef43759e55c0f401227d3) Importer(815301076,1909f56bfc062723c751e8b465ee728b)  -> (artifact id: '7338e08b10e7c17bf0253ce25fbde8a4') in 0.005776 seconds 
========================================================================
Received Import Request.
  Time since last request: 0.000059 seconds.
  path: Assets/DINER/Textures/Tree.png
  artifactKey: Guid(d2ef4e1b8e7b04913a43f4f5da2f97f8) Importer(815301076,1909f56bfc062723c751e8b465ee728b)
Start importing Assets/DINER/Textures/Tree.png using Guid(d2ef4e1b8e7b04913a43f4f5da2f97f8) Importer(815301076,1909f56bfc062723c751e8b465ee728b)  -> (artifact id: '58982addc18e063554cca723d76d322b') in 0.005021 seconds 
========================================================================
Received Import Request.
  Time since last request: 0.003633 seconds.
  path: Assets/DINER/Textures/V.png
  artifactKey: Guid(a4fcb2da7147f4049a1bbaa2dd8df265) Importer(815301076,1909f56bfc062723c751e8b465ee728b)
Start importing Assets/DINER/Textures/V.png using Guid(a4fcb2da7147f4049a1bbaa2dd8df265) Importer(815301076,1909f56bfc062723c751e8b465ee728b)  -> (artifact id: '21c14bb00ef8bc3627045b1fc25d1087') in 0.005872 seconds 
========================================================================
Received Import Request.
  Time since last request: 0.000043 seconds.
  path: Assets/DINER/Textures/Vending_machine_Emissor.png
  artifactKey: Guid(009594c4736234922a5c1bfade4bae86) Importer(815301076,1909f56bfc062723c751e8b465ee728b)
Start importing Assets/DINER/Textures/Vending_machine_Emissor.png using Guid(009594c4736234922a5c1bfade4bae86) Importer(815301076,1909f56bfc062723c751e8b465ee728b)  -> (artifact id: '43ced83722299e106abb5bc781acf54f') in 0.004338 seconds 
========================================================================
Received Import Request.
  Time since last request: 2075.417065 seconds.
  path: Assets/DINER/Textures/NewLayer.terrainlayer
  artifactKey: Guid(da737aea2b632443c9934a5083d1148c) Importer(815301076,1909f56bfc062723c751e8b465ee728b)
Start importing Assets/DINER/Textures/NewLayer.terrainlayer using Guid(da737aea2b632443c9934a5083d1148c) Importer(815301076,1909f56bfc062723c751e8b465ee728b)  -> (artifact id: 'b96870861f79b5054baff388e91d5531') in 0.020950 seconds 
