Unity Editor version:    2021.3.17f1 (3e8111cac19d)
Branch:                  2021.3/release
Build type:              Release
Batch mode:              YES
macOS version:           Version 14.1.1 (Build 23B81)
Darwin version:          23.1.0
Architecture:            arm64
Running under Rosetta:   NO
Available memory:        16384 MB
Using pre-set license
Pro License: YES

COMMAND LINE ARGUMENTS:
/Applications/Unity/Hub/Editor/2021.3.17f1/Unity.app/Contents/MacOS/Unity
-adb2
-batchMode
-noUpm
-name
AssetImportWorker1
-projectPath
/Users/gcerpa/git/CS583_Group_Project/OurSlender
-logFile
Logs/AssetImportWorker1.log
-srvPort
55248
Successfully changed project path to: /Users/gcerpa/git/CS583_Group_Project/OurSlender
/Users/gcerpa/git/CS583_Group_Project/OurSlender
[UnityMemory] Configuration Parameters - Can be set up in boot.config
    "memorysetup-bucket-allocator-granularity=16"
    "memorysetup-bucket-allocator-bucket-count=8"
    "memorysetup-bucket-allocator-block-size=33554432"
    "memorysetup-bucket-allocator-block-count=8"
    "memorysetup-main-allocator-block-size=16777216"
    "memorysetup-thread-allocator-block-size=16777216"
    "memorysetup-gfx-main-allocator-block-size=16777216"
    "memorysetup-gfx-thread-allocator-block-size=16777216"
    "memorysetup-cache-allocator-block-size=4194304"
    "memorysetup-typetree-allocator-block-size=2097152"
    "memorysetup-profiler-bucket-allocator-granularity=16"
    "memorysetup-profiler-bucket-allocator-bucket-count=8"
    "memorysetup-profiler-bucket-allocator-block-size=33554432"
    "memorysetup-profiler-bucket-allocator-block-count=8"
    "memorysetup-profiler-allocator-block-size=16777216"
    "memorysetup-profiler-editor-allocator-block-size=1048576"
    "memorysetup-temp-allocator-size-main=16777216"
    "memorysetup-job-temp-allocator-block-size=2097152"
    "memorysetup-job-temp-allocator-block-size-background=1048576"
    "memorysetup-job-temp-allocator-reduction-small-platforms=262144"
    "memorysetup-temp-allocator-size-background-worker=32768"
    "memorysetup-temp-allocator-size-job-worker=262144"
    "memorysetup-temp-allocator-size-preload-manager=33554432"
    "memorysetup-temp-allocator-size-nav-mesh-worker=65536"
    "memorysetup-temp-allocator-size-audio-worker=65536"
    "memorysetup-temp-allocator-size-cloud-worker=32768"
    "memorysetup-temp-allocator-size-gi-baking-worker=262144"
    "memorysetup-temp-allocator-size-gfx=262144"
Player connection [8157667008] Host "[IP] 192.168.1.10 [Port] 0 [Flags] 2 [Guid] 3057885585 [EditorId] 3057885585 [Version] 1048832 [Id] OSXEditor(0,Gerardos-MacBook-Pro-2.local) [Debug] 1 [PackageName] OSXEditor [ProjectName] Editor" joined multi-casting on [225.0.0.222:54997]...

Player connection [8157667008] Host "[IP] 192.168.1.10 [Port] 0 [Flags] 2 [Guid] 3057885585 [EditorId] 3057885585 [Version] 1048832 [Id] OSXEditor(0,Gerardos-MacBook-Pro-2.local) [Debug] 1 [PackageName] OSXEditor [ProjectName] Editor" joined alternative multi-casting on [225.0.0.222:34997]...

Refreshing native plugins compatible for Editor in 78.74 ms, found 2 plugins.
Preloading 0 native plugins for Editor in 0.00 ms.
Initialize engine version: 2021.3.17f1 (3e8111cac19d)
[Subsystems] Discovering subsystems at path /Applications/Unity/Hub/Editor/2021.3.17f1/Unity.app/Contents/Resources/UnitySubsystems
[Subsystems] Discovering subsystems at path /Users/gcerpa/git/CS583_Group_Project/OurSlender/Assets
GfxDevice: creating device client; threaded=0; jobified=0
 preferred device: Apple M1 (high power)
Metal devices available: 1
0: Apple M1 (high power)
Using device Apple M1 (high power)
Initializing Metal device caps: Apple M1
Initialize mono
Mono path[0] = '/Applications/Unity/Hub/Editor/2021.3.17f1/Unity.app/Contents/Managed'
Mono path[1] = '/Applications/Unity/Hub/Editor/2021.3.17f1/Unity.app/Contents/MonoBleedingEdge/lib/mono/unityjit-macos'
Mono config path = '/Applications/Unity/Hub/Editor/2021.3.17f1/Unity.app/Contents/MonoBleedingEdge/etc'
Using monoOptions --debugger-agent=transport=dt_socket,embedding=1,server=y,suspend=n,address=127.0.0.1:56652
Begin MonoManager ReloadAssembly
Registering precompiled unity dll's ...
Register platform support module: /Applications/Unity/Hub/Editor/2021.3.17f1/Unity.app/Contents/PlaybackEngines/MacStandaloneSupport/UnityEditor.OSXStandalone.Extensions.dll
Registered in 0.000447 seconds.
Native extension for OSXStandalone target not found
Refreshing native plugins compatible for Editor in 78.15 ms, found 2 plugins.
Preloading 0 native plugins for Editor in 0.00 ms.
Mono: successfully reloaded assembly
- Completed reload, in  0.413 seconds
Domain Reload Profiling:
	ReloadAssembly (413ms)
		BeginReloadAssembly (32ms)
			ExecutionOrderSort (0ms)
			DisableScriptedObjects (0ms)
			BackupInstance (0ms)
			ReleaseScriptingObjects (0ms)
			CreateAndSetChildDomain (0ms)
		EndReloadAssembly (315ms)
			LoadAssemblies (31ms)
			RebuildTransferFunctionScriptingTraits (0ms)
			SetupTypeCache (69ms)
			ReleaseScriptCaches (0ms)
			RebuildScriptCaches (22ms)
			SetupLoadedEditorAssemblies (195ms)
				LogAssemblyErrors (0ms)
				InitializePlatformSupportModulesInManaged (4ms)
				SetLoadedEditorAssemblies (0ms)
				RefreshPlugins (78ms)
				BeforeProcessingInitializeOnLoad (1ms)
				ProcessInitializeOnLoadAttributes (85ms)
				ProcessInitializeOnLoadMethodAttributes (26ms)
				AfterProcessingInitializeOnLoad (0ms)
				EditorAssembliesLoaded (0ms)
			ExecutionOrderSort2 (0ms)
			AwakeInstancesAfterBackupRestoration (0ms)
Platform modules already initialized, skipping
Registering precompiled user dll's ...
Registered in 0.001992 seconds.
Begin MonoManager ReloadAssembly
Symbol file LoadedFromMemory doesn't match image /Users/gcerpa/git/CS583_Group_Project/OurSlender/Library/PackageCache/com.unity.visualscripting@1.8.0/Editor/VisualScripting.Core/Dependencies/YamlDotNet/Unity.VisualScripting.YamlDotNet.dll
Symbol file LoadedFromMemory doesn't match image /Users/gcerpa/git/CS583_Group_Project/OurSlender/Library/PackageCache/com.unity.visualscripting@1.8.0/Editor/VisualScripting.Core/Dependencies/DotNetZip/Unity.VisualScripting.IonicZip.dll
Native extension for OSXStandalone target not found
Refreshing native plugins compatible for Editor in 0.40 ms, found 2 plugins.
Preloading 0 native plugins for Editor in 0.00 ms.
Mono: successfully reloaded assembly
- Completed reload, in  0.634 seconds
Domain Reload Profiling:
	ReloadAssembly (635ms)
		BeginReloadAssembly (56ms)
			ExecutionOrderSort (0ms)
			DisableScriptedObjects (3ms)
			BackupInstance (0ms)
			ReleaseScriptingObjects (0ms)
			CreateAndSetChildDomain (17ms)
		EndReloadAssembly (512ms)
			LoadAssemblies (44ms)
			RebuildTransferFunctionScriptingTraits (0ms)
			SetupTypeCache (173ms)
			ReleaseScriptCaches (1ms)
			RebuildScriptCaches (40ms)
			SetupLoadedEditorAssemblies (220ms)
				LogAssemblyErrors (0ms)
				InitializePlatformSupportModulesInManaged (2ms)
				SetLoadedEditorAssemblies (0ms)
				RefreshPlugins (0ms)
				BeforeProcessingInitializeOnLoad (56ms)
				ProcessInitializeOnLoadAttributes (147ms)
				ProcessInitializeOnLoadMethodAttributes (13ms)
				AfterProcessingInitializeOnLoad (1ms)
				EditorAssembliesLoaded (0ms)
			ExecutionOrderSort2 (0ms)
			AwakeInstancesAfterBackupRestoration (2ms)
Platform modules already initialized, skipping
========================================================================
Worker process is ready to serve import requests
Launching external process: /Applications/Unity/Hub/Editor/2021.3.17f1/Unity.app/Contents/Tools/UnityShaderCompiler
Launched and connected shader compiler UnityShaderCompiler after 0.05 seconds
Refreshing native plugins compatible for Editor in 0.47 ms, found 2 plugins.
Preloading 0 native plugins for Editor in 0.00 ms.
Unloading 3376 Unused Serialized files (Serialized files now loaded: 0)
Unloading 25 unused Assets / (40.5 KB). Loaded Objects now: 3853.
Memory consumption went from 124.1 MB to 124.0 MB.
Total: 2.365958 ms (FindLiveObjects: 0.134541 ms CreateObjectMapping: 0.044875 ms MarkObjects: 2.125750 ms  DeleteObjects: 0.059833 ms)

AssetImportParameters requested are different than current active one (requested -> active):
  custom:video-decoder-ogg-theora: a1e56fd34408186e4bbccfd4996cb3dc -> 
  custom:container-muxer-webm: aa71ff27fc2769a1b78a27578f13a17b -> 
  custom:container-demuxer-webm: 4f35f7cbe854078d1ac9338744f61a02 -> 
  custom:video-encoder-webm-vp8: eb34c28f22e8b96e1ab97ce403110664 -> 
  custom:framework-osx-AVFoundation: e770b220cccbd017edd2c1fefb359320 -> 
  custom:audio-encoder-webm-vorbis: bf7c407c2cedff20999df2af8eb42d56 -> 
  custom:container-demuxer-ogg: 62fdf1f143b41e24485cea50d1cbac27 -> 
  custom:video-decoder-webm-vp8: 9c59270c3fd7afecdb556c50c9e8de78 -> 
  custom:audio-decoder-ogg-vorbis: bf7c407c2cedff20999df2af8eb42d56 -> 
========================================================================
Received Import Request.
  Time since last request: 451979.016926 seconds.
  path: Assets/NewLayer.terrainlayer
  artifactKey: Guid(c2997bf60133f4d418ee049f749b8f26) Importer(815301076,1909f56bfc062723c751e8b465ee728b)
Start importing Assets/NewLayer.terrainlayer using Guid(c2997bf60133f4d418ee049f749b8f26) Importer(815301076,1909f56bfc062723c751e8b465ee728b)  -> (artifact id: '8cb50eaa85a34a2e5ea45feb1418f9c0') in 0.104147 seconds 
========================================================================
Received Import Request.
  Time since last request: 9.334362 seconds.
  path: Assets/DINER/Textures/Wood_04.jpg
  artifactKey: Guid(d4f49fd9ff4b247f7b0fe8bb22e1f66a) Importer(815301076,1909f56bfc062723c751e8b465ee728b)
Start importing Assets/DINER/Textures/Wood_04.jpg using Guid(d4f49fd9ff4b247f7b0fe8bb22e1f66a) Importer(815301076,1909f56bfc062723c751e8b465ee728b)  -> (artifact id: '50f13b5e1c75562ca661f69410edfbe9') in 0.077912 seconds 
========================================================================
Received Import Request.
  Time since last request: 0.000055 seconds.
  path: Assets/DINER/Textures/Wood_05.jpg
  artifactKey: Guid(26f0cf1af83de425b9451c8e3ab757a4) Importer(815301076,1909f56bfc062723c751e8b465ee728b)
Start importing Assets/DINER/Textures/Wood_05.jpg using Guid(26f0cf1af83de425b9451c8e3ab757a4) Importer(815301076,1909f56bfc062723c751e8b465ee728b)  -> (artifact id: '2ae975ec91c920785ccb58408b7d2bc2') in 0.007607 seconds 
========================================================================
Received Import Request.
  Time since last request: 1.177777 seconds.
  path: Assets/DINER/Textures/Wood_01.jpg
  artifactKey: Guid(dc44a580fcf2d4914bc0fa387faeb997) Importer(815301076,1909f56bfc062723c751e8b465ee728b)
Start importing Assets/DINER/Textures/Wood_01.jpg using Guid(dc44a580fcf2d4914bc0fa387faeb997) Importer(815301076,1909f56bfc062723c751e8b465ee728b)  -> (artifact id: 'c0a3f39366810ce2a055e8b133cdafb4') in 0.008421 seconds 
========================================================================
Received Import Request.
  Time since last request: 0.000114 seconds.
  path: Assets/DINER/Textures/Wood_02.jpg
  artifactKey: Guid(0b173c41157b145dea516df338ff6bdc) Importer(815301076,1909f56bfc062723c751e8b465ee728b)
Start importing Assets/DINER/Textures/Wood_02.jpg using Guid(0b173c41157b145dea516df338ff6bdc) Importer(815301076,1909f56bfc062723c751e8b465ee728b)  -> (artifact id: '1a33462ac67c83a1bdbf000590c1a3f0') in 0.006114 seconds 
========================================================================
Received Import Request.
  Time since last request: 0.019786 seconds.
  path: Assets/DINER/Textures/Toilet_sing.jpeg
  artifactKey: Guid(3066e02e094774df28279e529f36ebb1) Importer(815301076,1909f56bfc062723c751e8b465ee728b)
Start importing Assets/DINER/Textures/Toilet_sing.jpeg using Guid(3066e02e094774df28279e529f36ebb1) Importer(815301076,1909f56bfc062723c751e8b465ee728b)  -> (artifact id: '869bb9dd7eb18cd22afd7495a04a6134') in 0.049712 seconds 
========================================================================
Received Import Request.
  Time since last request: 0.000155 seconds.
  path: Assets/DINER/Textures/Stove.png
  artifactKey: Guid(0705d18de59a04f6f9128318ca8898b3) Importer(815301076,1909f56bfc062723c751e8b465ee728b)
Start importing Assets/DINER/Textures/Stove.png using Guid(0705d18de59a04f6f9128318ca8898b3) Importer(815301076,1909f56bfc062723c751e8b465ee728b)  -> (artifact id: 'dcc697a11139f98d4e56baeea430c4a7') in 0.053942 seconds 
========================================================================
Received Import Request.
  Time since last request: 0.000052 seconds.
  path: Assets/DINER/Skybox/Skybox.png
  artifactKey: Guid(8802fc3c4988b43209e8ed9d37af3e60) Importer(815301076,1909f56bfc062723c751e8b465ee728b)
Start importing Assets/DINER/Skybox/Skybox.png using Guid(8802fc3c4988b43209e8ed9d37af3e60) Importer(815301076,1909f56bfc062723c751e8b465ee728b)  -> (artifact id: '95304b567fb68eac4623233eacbd6e0a') in 0.005046 seconds 
========================================================================
Received Import Request.
  Time since last request: 0.000042 seconds.
  path: Assets/DINER/Textures/Soft_drink_dispenser.png
  artifactKey: Guid(d37c03c6611474b76b6798adcdd6b2bf) Importer(815301076,1909f56bfc062723c751e8b465ee728b)
Start importing Assets/DINER/Textures/Soft_drink_dispenser.png using Guid(d37c03c6611474b76b6798adcdd6b2bf) Importer(815301076,1909f56bfc062723c751e8b465ee728b)  -> (artifact id: 'be4c5f47556b0d9bd5c3c31962b26ec0') in 0.003878 seconds 
========================================================================
Received Import Request.
  Time since last request: 0.000042 seconds.
  path: Assets/DINER/Textures/Sauce.png
  artifactKey: Guid(d52f5e7c3e8f341d18688f3f4706b494) Importer(815301076,1909f56bfc062723c751e8b465ee728b)
Start importing Assets/DINER/Textures/Sauce.png using Guid(d52f5e7c3e8f341d18688f3f4706b494) Importer(815301076,1909f56bfc062723c751e8b465ee728b)  -> (artifact id: 'b16b4a318b954a13e82fcb5648b21811') in 0.005351 seconds 
========================================================================
Received Import Request.
  Time since last request: 0.000053 seconds.
  path: Assets/DINER/Textures/Salt_shaker.png
  artifactKey: Guid(cd166f2f3b93641ca923f885e0ae638d) Importer(815301076,1909f56bfc062723c751e8b465ee728b)
Start importing Assets/DINER/Textures/Salt_shaker.png using Guid(cd166f2f3b93641ca923f885e0ae638d) Importer(815301076,1909f56bfc062723c751e8b465ee728b)  -> (artifact id: 'c03c9e86910376ae7c8552e1dd51880d') in 0.005486 seconds 
========================================================================
Received Import Request.
  Time since last request: 0.000039 seconds.
  path: Assets/DINER/Textures/Plants_02.png
  artifactKey: Guid(1fca53b76547343b58739c06ece42b21) Importer(815301076,1909f56bfc062723c751e8b465ee728b)
Start importing Assets/DINER/Textures/Plants_02.png using Guid(1fca53b76547343b58739c06ece42b21) Importer(815301076,1909f56bfc062723c751e8b465ee728b)  -> (artifact id: 'dbfc5a1548f627d6113afa1845e03a0b') in 0.004714 seconds 
========================================================================
Received Import Request.
  Time since last request: 0.000054 seconds.
  path: Assets/DINER/Textures/Refreshment_01.png
  artifactKey: Guid(78772ac4d049041dc877fa1ccbb072f0) Importer(815301076,1909f56bfc062723c751e8b465ee728b)
Start importing Assets/DINER/Textures/Refreshment_01.png using Guid(78772ac4d049041dc877fa1ccbb072f0) Importer(815301076,1909f56bfc062723c751e8b465ee728b)  -> (artifact id: '9c6d8ae5ad61fb235fff4e18611dbfe4') in 0.004685 seconds 
========================================================================
Received Import Request.
  Time since last request: 0.000050 seconds.
  path: Assets/DINER/Textures/Paperboard.jpg
  artifactKey: Guid(99aed33eb18c74bc0ac788ac05e33664) Importer(815301076,1909f56bfc062723c751e8b465ee728b)
Start importing Assets/DINER/Textures/Paperboard.jpg using Guid(99aed33eb18c74bc0ac788ac05e33664) Importer(815301076,1909f56bfc062723c751e8b465ee728b)  -> (artifact id: 'bc3c9ed727a63dee09df961bfe3139d1') in 0.004954 seconds 
========================================================================
Received Import Request.
  Time since last request: 0.000065 seconds.
  path: Assets/DINER/Textures/Plants.png
  artifactKey: Guid(d5abd29a9663d4a7a94b70cf54be6203) Importer(815301076,1909f56bfc062723c751e8b465ee728b)
Start importing Assets/DINER/Textures/Plants.png using Guid(d5abd29a9663d4a7a94b70cf54be6203) Importer(815301076,1909f56bfc062723c751e8b465ee728b)  -> (artifact id: '6e991913c7cc58c2d013b1f49eef7c4a') in 0.004731 seconds 
========================================================================
Received Import Request.
  Time since last request: 0.000031 seconds.
  path: Assets/DINER/Textures/Prmeo.png
  artifactKey: Guid(2769831d38ddf4c6da5147f2369c3fb6) Importer(815301076,1909f56bfc062723c751e8b465ee728b)
Start importing Assets/DINER/Textures/Prmeo.png using Guid(2769831d38ddf4c6da5147f2369c3fb6) Importer(815301076,1909f56bfc062723c751e8b465ee728b)  -> (artifact id: 'b9208e730aef65905ebb185a20d2a731') in 0.004861 seconds 
========================================================================
Received Import Request.
  Time since last request: 0.000057 seconds.
  path: Assets/DINER/Textures/Mustard.png
  artifactKey: Guid(183bc5bdef29646a394ccf93d7785dbf) Importer(815301076,1909f56bfc062723c751e8b465ee728b)
Start importing Assets/DINER/Textures/Mustard.png using Guid(183bc5bdef29646a394ccf93d7785dbf) Importer(815301076,1909f56bfc062723c751e8b465ee728b)  -> (artifact id: '6316f294a09fcad4f14ac519bbe12e70') in 0.004970 seconds 
========================================================================
Received Import Request.
  Time since last request: 0.000037 seconds.
  path: Assets/DINER/Textures/Metal_03.jpg
  artifactKey: Guid(0c58c820ce17b4a15bbe02ea6eb40a00) Importer(815301076,1909f56bfc062723c751e8b465ee728b)
Start importing Assets/DINER/Textures/Metal_03.jpg using Guid(0c58c820ce17b4a15bbe02ea6eb40a00) Importer(815301076,1909f56bfc062723c751e8b465ee728b)  -> (artifact id: '1b5f5de4fe8eebe1d69c3ce584b0ca3f') in 0.004159 seconds 
========================================================================
Received Import Request.
  Time since last request: 0.000075 seconds.
  path: Assets/DINER/Textures/Metal_05.jpg
  artifactKey: Guid(d005c91e766194ee8b2b0c9012f0a869) Importer(815301076,1909f56bfc062723c751e8b465ee728b)
Start importing Assets/DINER/Textures/Metal_05.jpg using Guid(d005c91e766194ee8b2b0c9012f0a869) Importer(815301076,1909f56bfc062723c751e8b465ee728b)  -> (artifact id: '19c183ecbca0ec761c7cb2e47ea003e5') in 0.004418 seconds 
========================================================================
Received Import Request.
  Time since last request: 0.000043 seconds.
  path: Assets/DINER/Textures/Metal_02.jpg
  artifactKey: Guid(72497e1ef3495496795cf77e20131095) Importer(815301076,1909f56bfc062723c751e8b465ee728b)
Start importing Assets/DINER/Textures/Metal_02.jpg using Guid(72497e1ef3495496795cf77e20131095) Importer(815301076,1909f56bfc062723c751e8b465ee728b)  -> (artifact id: '36e7c528f206c9e5c997844ff6757db2') in 0.004754 seconds 
========================================================================
Received Import Request.
  Time since last request: 0.000035 seconds.
  path: Assets/DINER/Textures/Metal_04.jpg
  artifactKey: Guid(f30d0866f89d74c54b61849ed842d812) Importer(815301076,1909f56bfc062723c751e8b465ee728b)
Start importing Assets/DINER/Textures/Metal_04.jpg using Guid(f30d0866f89d74c54b61849ed842d812) Importer(815301076,1909f56bfc062723c751e8b465ee728b)  -> (artifact id: '4d0ca2751d384e36fc59398e1f8209a8') in 0.004717 seconds 
========================================================================
Received Import Request.
  Time since last request: 0.000055 seconds.
  path: Assets/DINER/Textures/Metal_09.jpg
  artifactKey: Guid(adb128b4f00bd4130a3466df8f710e80) Importer(815301076,1909f56bfc062723c751e8b465ee728b)
Start importing Assets/DINER/Textures/Metal_09.jpg using Guid(adb128b4f00bd4130a3466df8f710e80) Importer(815301076,1909f56bfc062723c751e8b465ee728b)  -> (artifact id: 'abe6b7eaee7f9f30977bab6b7b5d7623') in 0.004486 seconds 
========================================================================
Received Import Request.
  Time since last request: 0.000046 seconds.
  path: Assets/DINER/Textures/Metal_08.jpg
  artifactKey: Guid(4827f475abe8b4599aff5b4286855040) Importer(815301076,1909f56bfc062723c751e8b465ee728b)
Start importing Assets/DINER/Textures/Metal_08.jpg using Guid(4827f475abe8b4599aff5b4286855040) Importer(815301076,1909f56bfc062723c751e8b465ee728b)  -> (artifact id: 'f73234e9a359c44ec5e8d1a9fc759ad1') in 0.004945 seconds 
========================================================================
Received Import Request.
  Time since last request: 0.000085 seconds.
  path: Assets/DINER/Textures/Marble_01.png
  artifactKey: Guid(043b95ce34a7844429fda127527aec8d) Importer(815301076,1909f56bfc062723c751e8b465ee728b)
Start importing Assets/DINER/Textures/Marble_01.png using Guid(043b95ce34a7844429fda127527aec8d) Importer(815301076,1909f56bfc062723c751e8b465ee728b)  -> (artifact id: '3a959666fd89c3792e77164a64b9203c') in 0.004912 seconds 
========================================================================
Received Import Request.
  Time since last request: 0.000040 seconds.
  path: Assets/DINER/Textures/Plants_01.png
  artifactKey: Guid(765defd16634042e2bacb3ef3d2e96ee) Importer(815301076,1909f56bfc062723c751e8b465ee728b)
Start importing Assets/DINER/Textures/Plants_01.png using Guid(765defd16634042e2bacb3ef3d2e96ee) Importer(815301076,1909f56bfc062723c751e8b465ee728b)  -> (artifact id: '6fd72732c085dbcfc44fde8ec7c6465f') in 0.004139 seconds 
========================================================================
Received Import Request.
  Time since last request: 0.000039 seconds.
  path: Assets/DINER/Textures/POPCORN.png
  artifactKey: Guid(2ca9cb66cb0db4808bf086ed6d36288b) Importer(815301076,1909f56bfc062723c751e8b465ee728b)
Start importing Assets/DINER/Textures/POPCORN.png using Guid(2ca9cb66cb0db4808bf086ed6d36288b) Importer(815301076,1909f56bfc062723c751e8b465ee728b)  -> (artifact id: '4b74b06d17d1e2216d58b968d68bd456') in 0.004383 seconds 
========================================================================
Received Import Request.
  Time since last request: 0.000038 seconds.
  path: Assets/DINER/Textures/Lines.png
  artifactKey: Guid(ebc69facaa63744fb8c6126e1a26b0f7) Importer(815301076,1909f56bfc062723c751e8b465ee728b)
Start importing Assets/DINER/Textures/Lines.png using Guid(ebc69facaa63744fb8c6126e1a26b0f7) Importer(815301076,1909f56bfc062723c751e8b465ee728b)  -> (artifact id: 'fb22bd7b3ab57d150185f6998adc785c') in 0.005354 seconds 
========================================================================
Received Import Request.
  Time since last request: 0.000057 seconds.
  path: Assets/DINER/Textures/Lights.png
  artifactKey: Guid(bf3b133a6db25430cbb07876d2c506d1) Importer(815301076,1909f56bfc062723c751e8b465ee728b)
Start importing Assets/DINER/Textures/Lights.png using Guid(bf3b133a6db25430cbb07876d2c506d1) Importer(815301076,1909f56bfc062723c751e8b465ee728b)  -> (artifact id: '50008847c5be5aca4c35555b8029d60e') in 0.004538 seconds 
========================================================================
Received Import Request.
  Time since last request: 0.000040 seconds.
  path: Assets/DINER/Textures/Lights_Emissor.png
  artifactKey: Guid(983848a15c4714f9aa93cc855c602693) Importer(815301076,1909f56bfc062723c751e8b465ee728b)
Start importing Assets/DINER/Textures/Lights_Emissor.png using Guid(983848a15c4714f9aa93cc855c602693) Importer(815301076,1909f56bfc062723c751e8b465ee728b)  -> (artifact id: '866b85d0b3f48eb531239aee3627d640') in 0.004899 seconds 
========================================================================
Received Import Request.
  Time since last request: 0.000049 seconds.
  path: Assets/DINER/Textures/Plaste.jpg
  artifactKey: Guid(bfecd39f226a54f4c87e0a1060311095) Importer(815301076,1909f56bfc062723c751e8b465ee728b)
Start importing Assets/DINER/Textures/Plaste.jpg using Guid(bfecd39f226a54f4c87e0a1060311095) Importer(815301076,1909f56bfc062723c751e8b465ee728b)  -> (artifact id: '67cfcfa3d63d419effa4c4e04f83815e') in 0.006145 seconds 
========================================================================
Received Import Request.
  Time since last request: 0.000058 seconds.
  path: Assets/DINER/Textures/R_V.png
  artifactKey: Guid(50be47d2dceca42e28b39d29acc668f2) Importer(815301076,1909f56bfc062723c751e8b465ee728b)
Start importing Assets/DINER/Textures/R_V.png using Guid(50be47d2dceca42e28b39d29acc668f2) Importer(815301076,1909f56bfc062723c751e8b465ee728b)  -> (artifact id: 'd157649a7febb1a20173adb0b63d030a') in 0.005942 seconds 
========================================================================
Received Import Request.
  Time since last request: 0.000048 seconds.
  path: Assets/DINER/Textures/Metal.jpg
  artifactKey: Guid(7ae9b5c6686c14ad189ebf3b61e9d1f0) Importer(815301076,1909f56bfc062723c751e8b465ee728b)
Start importing Assets/DINER/Textures/Metal.jpg using Guid(7ae9b5c6686c14ad189ebf3b61e9d1f0) Importer(815301076,1909f56bfc062723c751e8b465ee728b)  -> (artifact id: '6a73147a2d26184afac81f6881c49ebd') in 0.004129 seconds 
========================================================================
Received Import Request.
  Time since last request: 0.093794 seconds.
  path: Assets/DINER/Textures/Garbage_bag.png
  artifactKey: Guid(4e8f607baae184bd986f6e8847f66659) Importer(815301076,1909f56bfc062723c751e8b465ee728b)
Start importing Assets/DINER/Textures/Garbage_bag.png using Guid(4e8f607baae184bd986f6e8847f66659) Importer(815301076,1909f56bfc062723c751e8b465ee728b)  -> (artifact id: 'a068e75e7d70e73072200adb4e7cde37') in 0.004858 seconds 
========================================================================
Received Import Request.
  Time since last request: 0.000068 seconds.
  path: Assets/DINER/Textures/Grass.jpg
  artifactKey: Guid(81fa53223142c440590af91201247f09) Importer(815301076,1909f56bfc062723c751e8b465ee728b)
Start importing Assets/DINER/Textures/Grass.jpg using Guid(81fa53223142c440590af91201247f09) Importer(815301076,1909f56bfc062723c751e8b465ee728b)  -> (artifact id: '5d40608c4d239edacd0c359d35aa9c46') in 0.007590 seconds 
========================================================================
Received Import Request.
  Time since last request: 0.000087 seconds.
  path: Assets/DINER/Textures/Grid.png
  artifactKey: Guid(7ced2e7ce4dec48fe84652186e9b268d) Importer(815301076,1909f56bfc062723c751e8b465ee728b)
Start importing Assets/DINER/Textures/Grid.png using Guid(7ced2e7ce4dec48fe84652186e9b268d) Importer(815301076,1909f56bfc062723c751e8b465ee728b)  -> (artifact id: 'e8849babfba1f41ac5d0d9a5801544c8') in 0.006781 seconds 
========================================================================
Received Import Request.
  Time since last request: 0.012753 seconds.
  path: Assets/DINER/Textures/Door_01.jpg
  artifactKey: Guid(20a187d7307fb4ef19eee98da6ec2a73) Importer(815301076,1909f56bfc062723c751e8b465ee728b)
Start importing Assets/DINER/Textures/Door_01.jpg using Guid(20a187d7307fb4ef19eee98da6ec2a73) Importer(815301076,1909f56bfc062723c751e8b465ee728b)  -> (artifact id: 'a3b100c1df2991678af54ef57c34d21f') in 0.004418 seconds 
========================================================================
Received Import Request.
  Time since last request: 0.000079 seconds.
  path: Assets/DINER/Textures/Door_02.jpg
  artifactKey: Guid(2d4152f31097d4ed18973b75a6f49699) Importer(815301076,1909f56bfc062723c751e8b465ee728b)
Start importing Assets/DINER/Textures/Door_02.jpg using Guid(2d4152f31097d4ed18973b75a6f49699) Importer(815301076,1909f56bfc062723c751e8b465ee728b)  -> (artifact id: 'dc57e5a37157ddc27d36df3f0a37788c') in 0.004138 seconds 
========================================================================
Received Import Request.
  Time since last request: 0.139115 seconds.
  path: Assets/DINER/Textures/Concrete_03.png
  artifactKey: Guid(2d432066e60354151894acc385336d8c) Importer(815301076,1909f56bfc062723c751e8b465ee728b)
Start importing Assets/DINER/Textures/Concrete_03.png using Guid(2d432066e60354151894acc385336d8c) Importer(815301076,1909f56bfc062723c751e8b465ee728b)  -> (artifact id: 'a6328798c2c208683bc116c115588354') in 0.004705 seconds 
========================================================================
Received Import Request.
  Time since last request: 0.012082 seconds.
  path: Assets/DINER/Textures/Concrete_01.png
  artifactKey: Guid(24330dc6fe6894ca7921ff65f68afad2) Importer(815301076,1909f56bfc062723c751e8b465ee728b)
Start importing Assets/DINER/Textures/Concrete_01.png using Guid(24330dc6fe6894ca7921ff65f68afad2) Importer(815301076,1909f56bfc062723c751e8b465ee728b)  -> (artifact id: '762c165d01dd6ee8f6687d9d96d0ad85') in 0.005783 seconds 
========================================================================
Received Import Request.
  Time since last request: 0.113659 seconds.
  path: Assets/DINER/Textures/Cans.png
  artifactKey: Guid(1ec3d2d9a22d34bbaa18089978fa75ec) Importer(815301076,1909f56bfc062723c751e8b465ee728b)
Start importing Assets/DINER/Textures/Cans.png using Guid(1ec3d2d9a22d34bbaa18089978fa75ec) Importer(815301076,1909f56bfc062723c751e8b465ee728b)  -> (artifact id: 'de25885f999575b24895e151379a4d59') in 0.004967 seconds 
========================================================================
Received Import Request.
  Time since last request: 0.000081 seconds.
  path: Assets/DINER/Textures/Asphalt_02.jpg
  artifactKey: Guid(10cfe929789084f06852b0129bcb5477) Importer(815301076,1909f56bfc062723c751e8b465ee728b)
Start importing Assets/DINER/Textures/Asphalt_02.jpg using Guid(10cfe929789084f06852b0129bcb5477) Importer(815301076,1909f56bfc062723c751e8b465ee728b)  -> (artifact id: 'cf13e1bdf26c590af2daf51c3555668c') in 0.004844 seconds 
========================================================================
Received Import Request.
  Time since last request: 0.000061 seconds.
  path: Assets/DINER/Textures/Brick.jpg
  artifactKey: Guid(f85cfe9c6730847648b2fb4c1899067d) Importer(815301076,1909f56bfc062723c751e8b465ee728b)
Start importing Assets/DINER/Textures/Brick.jpg using Guid(f85cfe9c6730847648b2fb4c1899067d) Importer(815301076,1909f56bfc062723c751e8b465ee728b)  -> (artifact id: '6f4e5e55f41a3a14d90206f2d815b746') in 0.005594 seconds 
========================================================================
Received Import Request.
  Time since last request: 0.006629 seconds.
  path: Assets/DINER/Textures/Asphalt.jpg
  artifactKey: Guid(b752c5c06095042498c436dc8c9be97f) Importer(815301076,1909f56bfc062723c751e8b465ee728b)
Start importing Assets/DINER/Textures/Asphalt.jpg using Guid(b752c5c06095042498c436dc8c9be97f) Importer(815301076,1909f56bfc062723c751e8b465ee728b)  -> (artifact id: 'a9192723623987100deb7aeca3b0af66') in 0.004992 seconds 
========================================================================
Received Import Request.
  Time since last request: 165.489082 seconds.
  path: Assets/DINER/Textures/Trash_01.png
  artifactKey: Guid(01456a2aba13745abb62ad9d2f8ddb15) Importer(815301076,1909f56bfc062723c751e8b465ee728b)
Start importing Assets/DINER/Textures/Trash_01.png using Guid(01456a2aba13745abb62ad9d2f8ddb15) Importer(815301076,1909f56bfc062723c751e8b465ee728b)  -> (artifact id: 'e6609cf6bd06ebab31a5f6d1b1c190fd') in 0.009605 seconds 
========================================================================
Received Import Request.
  Time since last request: 0.000050 seconds.
  path: Assets/DINER/Textures/Trees_Background.png
  artifactKey: Guid(dcf48ed7ff1e34518a7fc53b02799d2d) Importer(815301076,1909f56bfc062723c751e8b465ee728b)
Start importing Assets/DINER/Textures/Trees_Background.png using Guid(dcf48ed7ff1e34518a7fc53b02799d2d) Importer(815301076,1909f56bfc062723c751e8b465ee728b)  -> (artifact id: '12de3ea597fcd1d49a72833b6522e39d') in 0.006546 seconds 
========================================================================
Received Import Request.
  Time since last request: 0.011967 seconds.
  path: Assets/DINER/Textures/Vending_machine.png
  artifactKey: Guid(45ebb5dc961d9461da0f444f43f94839) Importer(815301076,1909f56bfc062723c751e8b465ee728b)
Start importing Assets/DINER/Textures/Vending_machine.png using Guid(45ebb5dc961d9461da0f444f43f94839) Importer(815301076,1909f56bfc062723c751e8b465ee728b)  -> (artifact id: 'fd4f50fe6c75e4092c349879c00fa7de') in 0.005735 seconds 
========================================================================
Received Import Request.
  Time since last request: 0.000055 seconds.
  path: Assets/DINER/Textures/Wire.png
  artifactKey: Guid(d20a7d73683834708bb447ee11cc79d5) Importer(815301076,1909f56bfc062723c751e8b465ee728b)
Start importing Assets/DINER/Textures/Wire.png using Guid(d20a7d73683834708bb447ee11cc79d5) Importer(815301076,1909f56bfc062723c751e8b465ee728b)  -> (artifact id: 'fd7722c811a126123219884d8b3d9b0e') in 0.004268 seconds 
