Using pre-set license
Built from '2021.3/release' branch; Version is '2021.3.17f1 (3e8111cac19d) revision 4096273'; Using compiler version '192829333'; Build Type 'Release'
OS: 'Windows 11  (10.0.22621) 64bit Professional' Language: 'en' Physical Memory: 32689 MB
BatchMode: 1, IsHumanControllingUs: 0, StartBugReporterOnCrash: 0, Is64bit: 1, IsPro: 1

COMMAND LINE ARGUMENTS:
D:\Programs\Unity\2021.3.17f1\Editor\Unity.exe
-adb2
-batchMode
-noUpm
-name
AssetImportWorker3
-projectPath
C:/Users/trias/OneDrive/Desktop/Yes/CS583/Slender
-logFile
Logs/AssetImportWorker3.log
-srvPort
64729
Successfully changed project path to: C:/Users/trias/OneDrive/Desktop/Yes/CS583/Slender
C:/Users/trias/OneDrive/Desktop/Yes/CS583/Slender
[UnityMemory] Configuration Parameters - Can be set up in boot.config
    "memorysetup-bucket-allocator-granularity=16"
    "memorysetup-bucket-allocator-bucket-count=8"
    "memorysetup-bucket-allocator-block-size=33554432"
    "memorysetup-bucket-allocator-block-count=8"
    "memorysetup-main-allocator-block-size=16777216"
    "memorysetup-thread-allocator-block-size=16777216"
    "memorysetup-gfx-main-allocator-block-size=16777216"
    "memorysetup-gfx-thread-allocator-block-size=16777216"
    "memorysetup-cache-allocator-block-size=4194304"
    "memorysetup-typetree-allocator-block-size=2097152"
    "memorysetup-profiler-bucket-allocator-granularity=16"
    "memorysetup-profiler-bucket-allocator-bucket-count=8"
    "memorysetup-profiler-bucket-allocator-block-size=33554432"
    "memorysetup-profiler-bucket-allocator-block-count=8"
    "memorysetup-profiler-allocator-block-size=16777216"
    "memorysetup-profiler-editor-allocator-block-size=1048576"
    "memorysetup-temp-allocator-size-main=16777216"
    "memorysetup-job-temp-allocator-block-size=2097152"
    "memorysetup-job-temp-allocator-block-size-background=1048576"
    "memorysetup-job-temp-allocator-reduction-small-platforms=262144"
    "memorysetup-temp-allocator-size-background-worker=32768"
    "memorysetup-temp-allocator-size-job-worker=262144"
    "memorysetup-temp-allocator-size-preload-manager=33554432"
    "memorysetup-temp-allocator-size-nav-mesh-worker=65536"
    "memorysetup-temp-allocator-size-audio-worker=65536"
    "memorysetup-temp-allocator-size-cloud-worker=32768"
    "memorysetup-temp-allocator-size-gi-baking-worker=262144"
    "memorysetup-temp-allocator-size-gfx=262144"
Player connection [26328] Host "[IP] 192.168.1.221 [Port] 0 [Flags] 2 [Guid] 4077816008 [EditorId] 4077816008 [Version] 1048832 [Id] WindowsEditor(7,DESKTOP-DODAT0J) [Debug] 1 [PackageName] WindowsEditor [ProjectName] Editor" joined multi-casting on [225.0.0.222:54997]...

Player connection [26328] Host "[IP] 192.168.1.221 [Port] 0 [Flags] 2 [Guid] 4077816008 [EditorId] 4077816008 [Version] 1048832 [Id] WindowsEditor(7,DESKTOP-DODAT0J) [Debug] 1 [PackageName] WindowsEditor [ProjectName] Editor" joined alternative multi-casting on [225.0.0.222:34997]...

Refreshing native plugins compatible for Editor in 62.37 ms, found 1 plugins.
Preloading 0 native plugins for Editor in 0.00 ms.
Initialize engine version: 2021.3.17f1 (3e8111cac19d)
[Subsystems] Discovering subsystems at path D:/Programs/Unity/2021.3.17f1/Editor/Data/Resources/UnitySubsystems
[Subsystems] Discovering subsystems at path C:/Users/trias/OneDrive/Desktop/Yes/CS583/Slender/Assets
GfxDevice: creating device client; threaded=0; jobified=0
Direct3D:
    Version:  Direct3D 11.0 [level 11.1]
    Renderer: NVIDIA GeForce RTX 3050 (ID=0x2507)
    Vendor:   NVIDIA
    VRAM:     8057 MB
    Driver:   31.0.15.4617
Initialize mono
Mono path[0] = 'D:/Programs/Unity/2021.3.17f1/Editor/Data/Managed'
Mono path[1] = 'D:/Programs/Unity/2021.3.17f1/Editor/Data/MonoBleedingEdge/lib/mono/unityjit-win32'
Mono config path = 'D:/Programs/Unity/2021.3.17f1/Editor/Data/MonoBleedingEdge/etc'
Using monoOptions --debugger-agent=transport=dt_socket,embedding=1,server=y,suspend=n,address=127.0.0.1:56444
Begin MonoManager ReloadAssembly
Registering precompiled unity dll's ...
Register platform support module: D:/Programs/Unity/2021.3.17f1/Editor/Data/PlaybackEngines/WindowsStandaloneSupport/UnityEditor.WindowsStandalone.Extensions.dll
Registered in 0.001871 seconds.
Native extension for WindowsStandalone target not found
Refreshing native plugins compatible for Editor in 57.97 ms, found 1 plugins.
Preloading 0 native plugins for Editor in 0.00 ms.
Mono: successfully reloaded assembly
- Completed reload, in  0.509 seconds
Domain Reload Profiling:
	ReloadAssembly (510ms)
		BeginReloadAssembly (107ms)
			ExecutionOrderSort (0ms)
			DisableScriptedObjects (0ms)
			BackupInstance (0ms)
			ReleaseScriptingObjects (0ms)
			CreateAndSetChildDomain (1ms)
		EndReloadAssembly (331ms)
			LoadAssemblies (106ms)
			RebuildTransferFunctionScriptingTraits (0ms)
			SetupTypeCache (72ms)
			ReleaseScriptCaches (0ms)
			RebuildScriptCaches (19ms)
			SetupLoadedEditorAssemblies (205ms)
				LogAssemblyErrors (0ms)
				InitializePlatformSupportModulesInManaged (5ms)
				SetLoadedEditorAssemblies (0ms)
				RefreshPlugins (58ms)
				BeforeProcessingInitializeOnLoad (1ms)
				ProcessInitializeOnLoadAttributes (104ms)
				ProcessInitializeOnLoadMethodAttributes (37ms)
				AfterProcessingInitializeOnLoad (0ms)
				EditorAssembliesLoaded (0ms)
			ExecutionOrderSort2 (0ms)
			AwakeInstancesAfterBackupRestoration (0ms)
Platform modules already initialized, skipping
Registering precompiled user dll's ...
Registered in 0.003464 seconds.
Begin MonoManager ReloadAssembly
Symbol file LoadedFromMemory doesn't match image C:\Users\trias\OneDrive\Desktop\Yes\CS583\Slender\Library\PackageCache\com.unity.visualscripting@1.8.0\Editor\VisualScripting.Core\Dependencies\YamlDotNet\Unity.VisualScripting.YamlDotNet.dll
Symbol file LoadedFromMemory doesn't match image C:\Users\trias\OneDrive\Desktop\Yes\CS583\Slender\Library\PackageCache\com.unity.visualscripting@1.8.0\Editor\VisualScripting.Core\Dependencies\DotNetZip\Unity.VisualScripting.IonicZip.dll
Native extension for WindowsStandalone target not found
Refreshing native plugins compatible for Editor in 0.45 ms, found 1 plugins.
Preloading 0 native plugins for Editor in 0.00 ms.
Mono: successfully reloaded assembly
- Completed reload, in  0.720 seconds
Domain Reload Profiling:
	ReloadAssembly (721ms)
		BeginReloadAssembly (146ms)
			ExecutionOrderSort (0ms)
			DisableScriptedObjects (4ms)
			BackupInstance (0ms)
			ReleaseScriptingObjects (0ms)
			CreateAndSetChildDomain (20ms)
		EndReloadAssembly (485ms)
			LoadAssemblies (118ms)
			RebuildTransferFunctionScriptingTraits (0ms)
			SetupTypeCache (171ms)
			ReleaseScriptCaches (0ms)
			RebuildScriptCaches (33ms)
			SetupLoadedEditorAssemblies (199ms)
				LogAssemblyErrors (0ms)
				InitializePlatformSupportModulesInManaged (3ms)
				SetLoadedEditorAssemblies (0ms)
				RefreshPlugins (0ms)
				BeforeProcessingInitializeOnLoad (63ms)
				ProcessInitializeOnLoadAttributes (115ms)
				ProcessInitializeOnLoadMethodAttributes (15ms)
				AfterProcessingInitializeOnLoad (2ms)
				EditorAssembliesLoaded (0ms)
			ExecutionOrderSort2 (0ms)
			AwakeInstancesAfterBackupRestoration (5ms)
Platform modules already initialized, skipping
========================================================================
Worker process is ready to serve import requests
Launched and connected shader compiler UnityShaderCompiler.exe after 0.03 seconds
Refreshing native plugins compatible for Editor in 0.98 ms, found 1 plugins.
Preloading 0 native plugins for Editor in 0.00 ms.
Unloading 2752 Unused Serialized files (Serialized files now loaded: 0)
Unloading 15 unused Assets / (56.3 KB). Loaded Objects now: 3237.
Memory consumption went from 111.8 MB to 111.8 MB.
Total: 4.397400 ms (FindLiveObjects: 0.528800 ms CreateObjectMapping: 0.109900 ms MarkObjects: 3.675900 ms  DeleteObjects: 0.080200 ms)

AssetImportParameters requested are different than current active one (requested -> active):
  custom:video-decoder-ogg-theora: a1e56fd34408186e4bbccfd4996cb3dc -> 
  custom:container-muxer-webm: aa71ff27fc2769a1b78a27578f13a17b -> 
  custom:container-demuxer-webm: 4f35f7cbe854078d1ac9338744f61a02 -> 
  custom:video-encoder-webm-vp8: eb34c28f22e8b96e1ab97ce403110664 -> 
  custom:audio-encoder-webm-vorbis: bf7c407c2cedff20999df2af8eb42d56 -> 
  custom:framework-win-MediaFoundation: 216162199b28c13a410421893ffa2e32 -> 
  custom:container-demuxer-ogg: 62fdf1f143b41e24485cea50d1cbac27 -> 
  custom:video-decoder-webm-vp8: 9c59270c3fd7afecdb556c50c9e8de78 -> 
  custom:audio-decoder-ogg-vorbis: bf7c407c2cedff20999df2af8eb42d56 -> 
========================================================================
Received Import Request.
  Time since last request: 23256.401712 seconds.
  path: Assets/QA_Books/Models/Book_42.fbx
  artifactKey: Guid(2c3ae5eea0a49084aa1d9df6c088c676) Importer(815301076,1909f56bfc062723c751e8b465ee728b)
Start importing Assets/QA_Books/Models/Book_42.fbx using Guid(2c3ae5eea0a49084aa1d9df6c088c676) Importer(815301076,1909f56bfc062723c751e8b465ee728b)  -> (artifact id: '754a4897ce198fd0c7597f4e9e09a95a') in 0.207656 seconds 
========================================================================
Received Import Request.
  Time since last request: 0.000023 seconds.
  path: Assets/QA_Books/Models/Book_51.fbx
  artifactKey: Guid(a6c9ceeb6b59c444f9160c9380cf6ba9) Importer(815301076,1909f56bfc062723c751e8b465ee728b)
Start importing Assets/QA_Books/Models/Book_51.fbx using Guid(a6c9ceeb6b59c444f9160c9380cf6ba9) Importer(815301076,1909f56bfc062723c751e8b465ee728b)  -> (artifact id: 'f508627630ff9ae6617cf67d6626ec41') in 0.039565 seconds 
========================================================================
Received Import Request.
  Time since last request: 0.000026 seconds.
  path: Assets/QA_Books/Models/Book_23.fbx
  artifactKey: Guid(d70511e7272f13343b756e560307a41b) Importer(815301076,1909f56bfc062723c751e8b465ee728b)
Start importing Assets/QA_Books/Models/Book_23.fbx using Guid(d70511e7272f13343b756e560307a41b) Importer(815301076,1909f56bfc062723c751e8b465ee728b)  -> (artifact id: '428eec22d66b7ce3604fe5b070dc811b') in 0.032995 seconds 
========================================================================
Received Import Request.
  Time since last request: 0.000019 seconds.
  path: Assets/QA_Books/Models/Book_33.fbx
  artifactKey: Guid(e5dcb89eacb9fe0479121b9143614c5e) Importer(815301076,1909f56bfc062723c751e8b465ee728b)
Start importing Assets/QA_Books/Models/Book_33.fbx using Guid(e5dcb89eacb9fe0479121b9143614c5e) Importer(815301076,1909f56bfc062723c751e8b465ee728b)  -> (artifact id: '05a1d737535887e8cfbe0573ff27d31c') in 0.032127 seconds 
========================================================================
Received Import Request.
  Time since last request: 0.000017 seconds.
  path: Assets/QA_Books/Models/Book_04.fbx
  artifactKey: Guid(dd3fa9eb6a714a7418eab6e6aa266911) Importer(815301076,1909f56bfc062723c751e8b465ee728b)
Start importing Assets/QA_Books/Models/Book_04.fbx using Guid(dd3fa9eb6a714a7418eab6e6aa266911) Importer(815301076,1909f56bfc062723c751e8b465ee728b)  -> (artifact id: 'd5e715b5ebe1dbb9101802aa31337b48') in 0.039580 seconds 
========================================================================
Received Import Request.
  Time since last request: 0.000056 seconds.
  path: Assets/QA_Books/Models/Book_60.fbx
  artifactKey: Guid(8c42656a6d8a2444dae8837aa801df62) Importer(815301076,1909f56bfc062723c751e8b465ee728b)
Start importing Assets/QA_Books/Models/Book_60.fbx using Guid(8c42656a6d8a2444dae8837aa801df62) Importer(815301076,1909f56bfc062723c751e8b465ee728b)  -> (artifact id: '2a1df7bf007e8b151c549dc49ab97186') in 0.028224 seconds 
========================================================================
Received Import Request.
  Time since last request: 0.000024 seconds.
  path: Assets/QA_Books/Models/Books_02.fbx
  artifactKey: Guid(61793f897ef2d874696e5e2f4591dd38) Importer(815301076,1909f56bfc062723c751e8b465ee728b)
Start importing Assets/QA_Books/Models/Books_02.fbx using Guid(61793f897ef2d874696e5e2f4591dd38) Importer(815301076,1909f56bfc062723c751e8b465ee728b)  -> (artifact id: '87cdabf6ff28af7b5aacf3e51b321b97') in 0.043396 seconds 
========================================================================
Received Import Request.
  Time since last request: 0.000040 seconds.
  path: Assets/QA_Books/Models/Book_61.fbx
  artifactKey: Guid(74558a81b38d73243be55cbee8583582) Importer(815301076,1909f56bfc062723c751e8b465ee728b)
Start importing Assets/QA_Books/Models/Book_61.fbx using Guid(74558a81b38d73243be55cbee8583582) Importer(815301076,1909f56bfc062723c751e8b465ee728b)  -> (artifact id: '0ff1f842867acef6283ac7f30869fe80') in 0.025004 seconds 
========================================================================
Received Import Request.
  Time since last request: 0.000042 seconds.
  path: Assets/QA_Books/Models/Book_13.fbx
  artifactKey: Guid(e73c1809ab21176409db5421e29791c2) Importer(815301076,1909f56bfc062723c751e8b465ee728b)
Start importing Assets/QA_Books/Models/Book_13.fbx using Guid(e73c1809ab21176409db5421e29791c2) Importer(815301076,1909f56bfc062723c751e8b465ee728b)  -> (artifact id: '773bba1a180d056f958dc54d56776670') in 0.025145 seconds 
========================================================================
Received Import Request.
  Time since last request: 0.000017 seconds.
  path: Assets/QA_Books/Models/Book_58.fbx
  artifactKey: Guid(461b2e2a41e8ca342b0cc1248c93b1d9) Importer(815301076,1909f56bfc062723c751e8b465ee728b)
Start importing Assets/QA_Books/Models/Book_58.fbx using Guid(461b2e2a41e8ca342b0cc1248c93b1d9) Importer(815301076,1909f56bfc062723c751e8b465ee728b)  -> (artifact id: '4036b8728ffbecfa9cd201f58b3767e0') in 0.028031 seconds 
========================================================================
Received Import Request.
  Time since last request: 0.000023 seconds.
  path: Assets/QA_Books/Models/BookOpen_03.fbx
  artifactKey: Guid(d9a0c4b7e3414bd44a3146ee38167559) Importer(815301076,1909f56bfc062723c751e8b465ee728b)
Start importing Assets/QA_Books/Models/BookOpen_03.fbx using Guid(d9a0c4b7e3414bd44a3146ee38167559) Importer(815301076,1909f56bfc062723c751e8b465ee728b)  -> (artifact id: '8362b26ed0e0fd1021a46a62eb3f71fa') in 0.039735 seconds 
========================================================================
Received Import Request.
  Time since last request: 0.000024 seconds.
  path: Assets/QA_Books/Models/Book_12.fbx
  artifactKey: Guid(45845c53726b39b4589c6be9d61fc8f6) Importer(815301076,1909f56bfc062723c751e8b465ee728b)
Start importing Assets/QA_Books/Models/Book_12.fbx using Guid(45845c53726b39b4589c6be9d61fc8f6) Importer(815301076,1909f56bfc062723c751e8b465ee728b)  -> (artifact id: 'b76f1ff10dfed580ee4ca057746cb7b7') in 0.029461 seconds 
========================================================================
Received Import Request.
  Time since last request: 0.000018 seconds.
  path: Assets/QA_Books/Models/Books_01.fbx
  artifactKey: Guid(7306063e424057f428fea084cd6321cd) Importer(815301076,1909f56bfc062723c751e8b465ee728b)
Start importing Assets/QA_Books/Models/Books_01.fbx using Guid(7306063e424057f428fea084cd6321cd) Importer(815301076,1909f56bfc062723c751e8b465ee728b)  -> (artifact id: '15b7195879c231159d875dac780c0f0a') in 0.030203 seconds 
Editor requested this worker to shutdown with reason: Scaling down because of idle timeout
AssetImportWorker is now disconnected from the server
Process exiting
Exiting without the bug reporter. Application will terminate with return code 0