Using pre-set license
Built from '2021.3/release' branch; Version is '2021.3.17f1 (3e8111cac19d) revision 4096273'; Using compiler version '192829333'; Build Type 'Release'
OS: 'Windows 11  (10.0.22621) 64bit Professional' Language: 'en' Physical Memory: 32689 MB
BatchMode: 1, IsHumanControllingUs: 0, StartBugReporterOnCrash: 0, Is64bit: 1, IsPro: 1

COMMAND LINE ARGUMENTS:
D:\Programs\Unity\2021.3.17f1\Editor\Unity.exe
-adb2
-batchMode
-noUpm
-name
AssetImportWorker5
-projectPath
C:/Users/trias/OneDrive/Desktop/Yes/CS583/Slender
-logFile
Logs/AssetImportWorker5.log
-srvPort
64729
Successfully changed project path to: C:/Users/trias/OneDrive/Desktop/Yes/CS583/Slender
C:/Users/trias/OneDrive/Desktop/Yes/CS583/Slender
[UnityMemory] Configuration Parameters - Can be set up in boot.config
    "memorysetup-bucket-allocator-granularity=16"
    "memorysetup-bucket-allocator-bucket-count=8"
    "memorysetup-bucket-allocator-block-size=33554432"
    "memorysetup-bucket-allocator-block-count=8"
    "memorysetup-main-allocator-block-size=16777216"
    "memorysetup-thread-allocator-block-size=16777216"
    "memorysetup-gfx-main-allocator-block-size=16777216"
    "memorysetup-gfx-thread-allocator-block-size=16777216"
    "memorysetup-cache-allocator-block-size=4194304"
    "memorysetup-typetree-allocator-block-size=2097152"
    "memorysetup-profiler-bucket-allocator-granularity=16"
    "memorysetup-profiler-bucket-allocator-bucket-count=8"
    "memorysetup-profiler-bucket-allocator-block-size=33554432"
    "memorysetup-profiler-bucket-allocator-block-count=8"
    "memorysetup-profiler-allocator-block-size=16777216"
    "memorysetup-profiler-editor-allocator-block-size=1048576"
    "memorysetup-temp-allocator-size-main=16777216"
    "memorysetup-job-temp-allocator-block-size=2097152"
    "memorysetup-job-temp-allocator-block-size-background=1048576"
    "memorysetup-job-temp-allocator-reduction-small-platforms=262144"
    "memorysetup-temp-allocator-size-background-worker=32768"
    "memorysetup-temp-allocator-size-job-worker=262144"
    "memorysetup-temp-allocator-size-preload-manager=33554432"
    "memorysetup-temp-allocator-size-nav-mesh-worker=65536"
    "memorysetup-temp-allocator-size-audio-worker=65536"
    "memorysetup-temp-allocator-size-cloud-worker=32768"
    "memorysetup-temp-allocator-size-gi-baking-worker=262144"
    "memorysetup-temp-allocator-size-gfx=262144"
Player connection [22260] Host "[IP] 192.168.1.221 [Port] 0 [Flags] 2 [Guid] 1163367140 [EditorId] 1163367140 [Version] 1048832 [Id] WindowsEditor(7,DESKTOP-DODAT0J) [Debug] 1 [PackageName] WindowsEditor [ProjectName] Editor" joined multi-casting on [225.0.0.222:54997]...

Player connection [22260] Host "[IP] 192.168.1.221 [Port] 0 [Flags] 2 [Guid] 1163367140 [EditorId] 1163367140 [Version] 1048832 [Id] WindowsEditor(7,DESKTOP-DODAT0J) [Debug] 1 [PackageName] WindowsEditor [ProjectName] Editor" joined alternative multi-casting on [225.0.0.222:34997]...

Refreshing native plugins compatible for Editor in 59.47 ms, found 1 plugins.
Preloading 0 native plugins for Editor in 0.00 ms.
Initialize engine version: 2021.3.17f1 (3e8111cac19d)
[Subsystems] Discovering subsystems at path D:/Programs/Unity/2021.3.17f1/Editor/Data/Resources/UnitySubsystems
[Subsystems] Discovering subsystems at path C:/Users/trias/OneDrive/Desktop/Yes/CS583/Slender/Assets
GfxDevice: creating device client; threaded=0; jobified=0
Direct3D:
    Version:  Direct3D 11.0 [level 11.1]
    Renderer: NVIDIA GeForce RTX 3050 (ID=0x2507)
    Vendor:   NVIDIA
    VRAM:     8057 MB
    Driver:   31.0.15.4617
Initialize mono
Mono path[0] = 'D:/Programs/Unity/2021.3.17f1/Editor/Data/Managed'
Mono path[1] = 'D:/Programs/Unity/2021.3.17f1/Editor/Data/MonoBleedingEdge/lib/mono/unityjit-win32'
Mono config path = 'D:/Programs/Unity/2021.3.17f1/Editor/Data/MonoBleedingEdge/etc'
Using monoOptions --debugger-agent=transport=dt_socket,embedding=1,server=y,suspend=n,address=127.0.0.1:56132
Begin MonoManager ReloadAssembly
Registering precompiled unity dll's ...
Register platform support module: D:/Programs/Unity/2021.3.17f1/Editor/Data/PlaybackEngines/WindowsStandaloneSupport/UnityEditor.WindowsStandalone.Extensions.dll
Registered in 0.001636 seconds.
Native extension for WindowsStandalone target not found
Refreshing native plugins compatible for Editor in 56.65 ms, found 1 plugins.
Preloading 0 native plugins for Editor in 0.00 ms.
Mono: successfully reloaded assembly
- Completed reload, in  0.498 seconds
Domain Reload Profiling:
	ReloadAssembly (499ms)
		BeginReloadAssembly (102ms)
			ExecutionOrderSort (0ms)
			DisableScriptedObjects (0ms)
			BackupInstance (0ms)
			ReleaseScriptingObjects (0ms)
			CreateAndSetChildDomain (1ms)
		EndReloadAssembly (326ms)
			LoadAssemblies (102ms)
			RebuildTransferFunctionScriptingTraits (0ms)
			SetupTypeCache (70ms)
			ReleaseScriptCaches (0ms)
			RebuildScriptCaches (19ms)
			SetupLoadedEditorAssemblies (202ms)
				LogAssemblyErrors (0ms)
				InitializePlatformSupportModulesInManaged (5ms)
				SetLoadedEditorAssemblies (0ms)
				RefreshPlugins (57ms)
				BeforeProcessingInitializeOnLoad (1ms)
				ProcessInitializeOnLoadAttributes (104ms)
				ProcessInitializeOnLoadMethodAttributes (36ms)
				AfterProcessingInitializeOnLoad (0ms)
				EditorAssembliesLoaded (0ms)
			ExecutionOrderSort2 (0ms)
			AwakeInstancesAfterBackupRestoration (0ms)
Platform modules already initialized, skipping
Registering precompiled user dll's ...
Registered in 0.002961 seconds.
Begin MonoManager ReloadAssembly
Symbol file LoadedFromMemory doesn't match image C:\Users\trias\OneDrive\Desktop\Yes\CS583\Slender\Library\PackageCache\com.unity.visualscripting@1.8.0\Editor\VisualScripting.Core\Dependencies\YamlDotNet\Unity.VisualScripting.YamlDotNet.dll
Symbol file LoadedFromMemory doesn't match image C:\Users\trias\OneDrive\Desktop\Yes\CS583\Slender\Library\PackageCache\com.unity.visualscripting@1.8.0\Editor\VisualScripting.Core\Dependencies\DotNetZip\Unity.VisualScripting.IonicZip.dll
Native extension for WindowsStandalone target not found
Refreshing native plugins compatible for Editor in 0.48 ms, found 1 plugins.
Preloading 0 native plugins for Editor in 0.00 ms.
Mono: successfully reloaded assembly
- Completed reload, in  0.715 seconds
Domain Reload Profiling:
	ReloadAssembly (715ms)
		BeginReloadAssembly (142ms)
			ExecutionOrderSort (0ms)
			DisableScriptedObjects (4ms)
			BackupInstance (0ms)
			ReleaseScriptingObjects (0ms)
			CreateAndSetChildDomain (19ms)
		EndReloadAssembly (488ms)
			LoadAssemblies (113ms)
			RebuildTransferFunctionScriptingTraits (0ms)
			SetupTypeCache (172ms)
			ReleaseScriptCaches (0ms)
			RebuildScriptCaches (32ms)
			SetupLoadedEditorAssemblies (200ms)
				LogAssemblyErrors (0ms)
				InitializePlatformSupportModulesInManaged (3ms)
				SetLoadedEditorAssemblies (0ms)
				RefreshPlugins (1ms)
				BeforeProcessingInitializeOnLoad (62ms)
				ProcessInitializeOnLoadAttributes (117ms)
				ProcessInitializeOnLoadMethodAttributes (15ms)
				AfterProcessingInitializeOnLoad (2ms)
				EditorAssembliesLoaded (0ms)
			ExecutionOrderSort2 (0ms)
			AwakeInstancesAfterBackupRestoration (5ms)
Platform modules already initialized, skipping
========================================================================
Worker process is ready to serve import requests
Launched and connected shader compiler UnityShaderCompiler.exe after 0.04 seconds
Refreshing native plugins compatible for Editor in 1.05 ms, found 1 plugins.
Preloading 0 native plugins for Editor in 0.00 ms.
Unloading 2752 Unused Serialized files (Serialized files now loaded: 0)
Unloading 15 unused Assets / (56.3 KB). Loaded Objects now: 3237.
Memory consumption went from 111.8 MB to 111.8 MB.
Total: 4.048500 ms (FindLiveObjects: 0.433700 ms CreateObjectMapping: 0.101800 ms MarkObjects: 3.408500 ms  DeleteObjects: 0.102900 ms)

AssetImportParameters requested are different than current active one (requested -> active):
  custom:video-decoder-ogg-theora: a1e56fd34408186e4bbccfd4996cb3dc -> 
  custom:container-muxer-webm: aa71ff27fc2769a1b78a27578f13a17b -> 
  custom:container-demuxer-webm: 4f35f7cbe854078d1ac9338744f61a02 -> 
  custom:video-encoder-webm-vp8: eb34c28f22e8b96e1ab97ce403110664 -> 
  custom:audio-encoder-webm-vorbis: bf7c407c2cedff20999df2af8eb42d56 -> 
  custom:framework-win-MediaFoundation: 216162199b28c13a410421893ffa2e32 -> 
  custom:container-demuxer-ogg: 62fdf1f143b41e24485cea50d1cbac27 -> 
  custom:video-decoder-webm-vp8: 9c59270c3fd7afecdb556c50c9e8de78 -> 
  custom:audio-decoder-ogg-vorbis: bf7c407c2cedff20999df2af8eb42d56 -> 
========================================================================
Received Import Request.
  Time since last request: 23256.394189 seconds.
  path: Assets/QA_Books/Models/Book_65.fbx
  artifactKey: Guid(c6d0dcd0f5f98fc4987b2e87d3428657) Importer(815301076,1909f56bfc062723c751e8b465ee728b)
Start importing Assets/QA_Books/Models/Book_65.fbx using Guid(c6d0dcd0f5f98fc4987b2e87d3428657) Importer(815301076,1909f56bfc062723c751e8b465ee728b)  -> (artifact id: 'ded8b2f6c29f9b988264272bcddfa8a5') in 0.215074 seconds 
========================================================================
Received Import Request.
  Time since last request: 0.000018 seconds.
  path: Assets/QA_Books/Models/Book_38.fbx
  artifactKey: Guid(772b87bf431bb2d4eaf6f849638ed333) Importer(815301076,1909f56bfc062723c751e8b465ee728b)
Start importing Assets/QA_Books/Models/Book_38.fbx using Guid(772b87bf431bb2d4eaf6f849638ed333) Importer(815301076,1909f56bfc062723c751e8b465ee728b)  -> (artifact id: '558cbd7ab30ad30007807419e82a4485') in 0.036910 seconds 
========================================================================
Received Import Request.
  Time since last request: 0.000031 seconds.
  path: Assets/QA_Books/Models/Book_62.fbx
  artifactKey: Guid(791bfdd2fbfdd5c4792f37933795022e) Importer(815301076,1909f56bfc062723c751e8b465ee728b)
Start importing Assets/QA_Books/Models/Book_62.fbx using Guid(791bfdd2fbfdd5c4792f37933795022e) Importer(815301076,1909f56bfc062723c751e8b465ee728b)  -> (artifact id: 'dcf8a436dd6691bcc6fff98f7b8954ad') in 0.029941 seconds 
========================================================================
Received Import Request.
  Time since last request: 0.000025 seconds.
  path: Assets/QA_Books/Models/Book_24.fbx
  artifactKey: Guid(9f618ed8ac70ac04c987226b33110a61) Importer(815301076,1909f56bfc062723c751e8b465ee728b)
Start importing Assets/QA_Books/Models/Book_24.fbx using Guid(9f618ed8ac70ac04c987226b33110a61) Importer(815301076,1909f56bfc062723c751e8b465ee728b)  -> (artifact id: 'df01c750cdefdfb28fac1726c548eb70') in 0.032002 seconds 
========================================================================
Received Import Request.
  Time since last request: 0.000029 seconds.
  path: Assets/QA_Books/Models/Book_63.fbx
  artifactKey: Guid(07754f913d64acf43ae44a9eb8a167af) Importer(815301076,1909f56bfc062723c751e8b465ee728b)
Start importing Assets/QA_Books/Models/Book_63.fbx using Guid(07754f913d64acf43ae44a9eb8a167af) Importer(815301076,1909f56bfc062723c751e8b465ee728b)  -> (artifact id: '16ce649a713263e3e9fe6430e110ae28') in 0.033646 seconds 
========================================================================
Received Import Request.
  Time since last request: 0.000021 seconds.
  path: Assets/QA_Books/Models/Book_21.fbx
  artifactKey: Guid(1d697b4cbe60e9646be377967df8b96b) Importer(815301076,1909f56bfc062723c751e8b465ee728b)
Start importing Assets/QA_Books/Models/Book_21.fbx using Guid(1d697b4cbe60e9646be377967df8b96b) Importer(815301076,1909f56bfc062723c751e8b465ee728b)  -> (artifact id: '94683d227958616ed0b4c8571ac8aeb8') in 0.029475 seconds 
========================================================================
Received Import Request.
  Time since last request: 0.000017 seconds.
  path: Assets/QA_Books/Models/Book_01.fbx
  artifactKey: Guid(eaf1b3e89a9fb804d935d4886918f2b5) Importer(815301076,1909f56bfc062723c751e8b465ee728b)
Start importing Assets/QA_Books/Models/Book_01.fbx using Guid(eaf1b3e89a9fb804d935d4886918f2b5) Importer(815301076,1909f56bfc062723c751e8b465ee728b)  -> (artifact id: '204c13e34a585a7dc30ea1af04f7ce6a') in 0.029369 seconds 
========================================================================
Received Import Request.
  Time since last request: 0.000027 seconds.
  path: Assets/QA_Books/Models/Book_44.fbx
  artifactKey: Guid(cde32b7d0996f40409304777612ea43b) Importer(815301076,1909f56bfc062723c751e8b465ee728b)
Start importing Assets/QA_Books/Models/Book_44.fbx using Guid(cde32b7d0996f40409304777612ea43b) Importer(815301076,1909f56bfc062723c751e8b465ee728b)  -> (artifact id: 'ee5e2d594458b543c179bf50b67aa94a') in 0.033002 seconds 
========================================================================
Received Import Request.
  Time since last request: 0.000024 seconds.
  path: Assets/QA_Books/Models/Books_03.fbx
  artifactKey: Guid(8ee610e92e5bc1e499aa5fe68a315f84) Importer(815301076,1909f56bfc062723c751e8b465ee728b)
Start importing Assets/QA_Books/Models/Books_03.fbx using Guid(8ee610e92e5bc1e499aa5fe68a315f84) Importer(815301076,1909f56bfc062723c751e8b465ee728b)  -> (artifact id: 'fd3ca7f1cd6168f8fed81344b0f12c94') in 0.029940 seconds 
========================================================================
Received Import Request.
  Time since last request: 0.000030 seconds.
  path: Assets/QA_Books/Models/Book_29.fbx
  artifactKey: Guid(7809c0c3c92128449843f746af03c577) Importer(815301076,1909f56bfc062723c751e8b465ee728b)
Start importing Assets/QA_Books/Models/Book_29.fbx using Guid(7809c0c3c92128449843f746af03c577) Importer(815301076,1909f56bfc062723c751e8b465ee728b)  -> (artifact id: '61757584f6c35ca179d7640ad3632bf9') in 0.023623 seconds 
========================================================================
Received Import Request.
  Time since last request: 0.000032 seconds.
  path: Assets/QA_Books/Models/BookOpen_04.fbx
  artifactKey: Guid(e5545fb76235f7643ae07bb64d5b27d7) Importer(815301076,1909f56bfc062723c751e8b465ee728b)
Start importing Assets/QA_Books/Models/BookOpen_04.fbx using Guid(e5545fb76235f7643ae07bb64d5b27d7) Importer(815301076,1909f56bfc062723c751e8b465ee728b)  -> (artifact id: '1246a98d45ab53aa7ab8e1210ffb579f') in 0.027831 seconds 
========================================================================
Received Import Request.
  Time since last request: 0.000033 seconds.
  path: Assets/QA_Books/Models/Book_56.fbx
  artifactKey: Guid(ef53951cac035224789ca96276aec623) Importer(815301076,1909f56bfc062723c751e8b465ee728b)
Start importing Assets/QA_Books/Models/Book_56.fbx using Guid(ef53951cac035224789ca96276aec623) Importer(815301076,1909f56bfc062723c751e8b465ee728b)  -> (artifact id: 'ef3fc7d66e368f239568890094642ca4') in 0.032319 seconds 
========================================================================
Received Import Request.
  Time since last request: 0.000022 seconds.
  path: Assets/QA_Books/Models/Book_45.fbx
  artifactKey: Guid(86487fcb7649c85469ce546b89f5766e) Importer(815301076,1909f56bfc062723c751e8b465ee728b)
Start importing Assets/QA_Books/Models/Book_45.fbx using Guid(86487fcb7649c85469ce546b89f5766e) Importer(815301076,1909f56bfc062723c751e8b465ee728b)  -> (artifact id: '244b1598a07e9584077e19b1e7005ef9') in 0.030168 seconds 
========================================================================
Received Import Request.
  Time since last request: 0.000023 seconds.
  path: Assets/QA_Books/Models/Book_22.fbx
  artifactKey: Guid(ab4f92ff88cd48d4fb6a278f49c170cf) Importer(815301076,1909f56bfc062723c751e8b465ee728b)
Start importing Assets/QA_Books/Models/Book_22.fbx using Guid(ab4f92ff88cd48d4fb6a278f49c170cf) Importer(815301076,1909f56bfc062723c751e8b465ee728b)  -> (artifact id: 'e2e6d61291f6d42a81b8a88149299553') in 0.026764 seconds 
========================================================================
Received Prepare
Registering precompiled user dll's ...
Registered in 0.002814 seconds.
Begin MonoManager ReloadAssembly
Symbol file LoadedFromMemory doesn't match image C:\Users\trias\OneDrive\Desktop\Yes\CS583\Slender\Library\PackageCache\com.unity.visualscripting@1.8.0\Editor\VisualScripting.Core\Dependencies\YamlDotNet\Unity.VisualScripting.YamlDotNet.dll
Symbol file LoadedFromMemory doesn't match image C:\Users\trias\OneDrive\Desktop\Yes\CS583\Slender\Library\PackageCache\com.unity.visualscripting@1.8.0\Editor\VisualScripting.Core\Dependencies\DotNetZip\Unity.VisualScripting.IonicZip.dll
Native extension for WindowsStandalone target not found
Refreshing native plugins compatible for Editor in 0.53 ms, found 1 plugins.
Preloading 0 native plugins for Editor in 0.00 ms.
Mono: successfully reloaded assembly
- Completed reload, in  0.599 seconds
Domain Reload Profiling:
	ReloadAssembly (599ms)
		BeginReloadAssembly (105ms)
			ExecutionOrderSort (0ms)
			DisableScriptedObjects (4ms)
			BackupInstance (0ms)
			ReleaseScriptingObjects (0ms)
			CreateAndSetChildDomain (24ms)
		EndReloadAssembly (432ms)
			LoadAssemblies (66ms)
			RebuildTransferFunctionScriptingTraits (0ms)
			SetupTypeCache (150ms)
			ReleaseScriptCaches (1ms)
			RebuildScriptCaches (27ms)
			SetupLoadedEditorAssemblies (165ms)
				LogAssemblyErrors (0ms)
				InitializePlatformSupportModulesInManaged (8ms)
				SetLoadedEditorAssemblies (0ms)
				RefreshPlugins (1ms)
				BeforeProcessingInitializeOnLoad (39ms)
				ProcessInitializeOnLoadAttributes (96ms)
				ProcessInitializeOnLoadMethodAttributes (19ms)
				AfterProcessingInitializeOnLoad (2ms)
				EditorAssembliesLoaded (0ms)
			ExecutionOrderSort2 (0ms)
			AwakeInstancesAfterBackupRestoration (6ms)
Platform modules already initialized, skipping
Refreshing native plugins compatible for Editor in 1.80 ms, found 1 plugins.
Preloading 0 native plugins for Editor in 0.00 ms.
Unloading 2745 Unused Serialized files (Serialized files now loaded: 0)
Unloading 8 unused Assets / (24.6 KB). Loaded Objects now: 3251.
Memory consumption went from 115.6 MB to 115.6 MB.
Total: 2.479900 ms (FindLiveObjects: 0.194900 ms CreateObjectMapping: 0.100800 ms MarkObjects: 2.168600 ms  DeleteObjects: 0.014900 ms)

AssetImportParameters requested are different than current active one (requested -> active):
  custom:video-decoder-ogg-theora: a1e56fd34408186e4bbccfd4996cb3dc -> 
  custom:container-muxer-webm: aa71ff27fc2769a1b78a27578f13a17b -> 
  custom:container-demuxer-webm: 4f35f7cbe854078d1ac9338744f61a02 -> 
  custom:video-encoder-webm-vp8: eb34c28f22e8b96e1ab97ce403110664 -> 
  custom:audio-encoder-webm-vorbis: bf7c407c2cedff20999df2af8eb42d56 -> 
  custom:framework-win-MediaFoundation: 216162199b28c13a410421893ffa2e32 -> 
  custom:container-demuxer-ogg: 62fdf1f143b41e24485cea50d1cbac27 -> 
  custom:video-decoder-webm-vp8: 9c59270c3fd7afecdb556c50c9e8de78 -> 
  custom:audio-decoder-ogg-vorbis: bf7c407c2cedff20999df2af8eb42d56 -> 
========================================================================
Received Import Request.
  Time since last request: 186.975434 seconds.
  path: Assets/QA_Books/Models/BookS_11.fbx
  artifactKey: Guid(a759d1c4901f1284d9828fa9b228313e) Importer(815301076,1909f56bfc062723c751e8b465ee728b)
Start importing Assets/QA_Books/Models/BookS_11.fbx using Guid(a759d1c4901f1284d9828fa9b228313e) Importer(815301076,1909f56bfc062723c751e8b465ee728b)  -> (artifact id: 'bcff21b383f332d6811c6ae0f0ea6867') in 0.092465 seconds 
========================================================================
Received Import Request.
  Time since last request: 0.000019 seconds.
  path: Assets/QA_Books/Models/Books_23.fbx
  artifactKey: Guid(6390c5e06ce223c4fa34c7cf4c7f66d6) Importer(815301076,1909f56bfc062723c751e8b465ee728b)
Start importing Assets/QA_Books/Models/Books_23.fbx using Guid(6390c5e06ce223c4fa34c7cf4c7f66d6) Importer(815301076,1909f56bfc062723c751e8b465ee728b)  -> (artifact id: 'df7f9cba9379013bc3ae2a1396f931ca') in 0.025923 seconds 
========================================================================
Received Import Request.
  Time since last request: 0.000028 seconds.
  path: Assets/QA_Books/Models/Books_33.fbx
  artifactKey: Guid(822777ce1b7d3d548a5c206ec742a03b) Importer(815301076,1909f56bfc062723c751e8b465ee728b)
Start importing Assets/QA_Books/Models/Books_33.fbx using Guid(822777ce1b7d3d548a5c206ec742a03b) Importer(815301076,1909f56bfc062723c751e8b465ee728b)  -> (artifact id: 'b74f7546eb3dd7200bdf793055bae90a') in 0.032008 seconds 
========================================================================
Received Import Request.
  Time since last request: 0.000017 seconds.
  path: Assets/QA_Books/Models/Books_12.fbx
  artifactKey: Guid(fa09bf7cca8d41b4d9f0399db466f7eb) Importer(815301076,1909f56bfc062723c751e8b465ee728b)
Start importing Assets/QA_Books/Models/Books_12.fbx using Guid(fa09bf7cca8d41b4d9f0399db466f7eb) Importer(815301076,1909f56bfc062723c751e8b465ee728b)  -> (artifact id: '12ada5182c2e4b1807c5afff037d07a6') in 0.023331 seconds 
========================================================================
Received Import Request.
  Time since last request: 0.000016 seconds.
  path: Assets/QA_Books/Models/Books_30.fbx
  artifactKey: Guid(f0f2148b9e2303a4592e5161fa1e6532) Importer(815301076,1909f56bfc062723c751e8b465ee728b)
Start importing Assets/QA_Books/Models/Books_30.fbx using Guid(f0f2148b9e2303a4592e5161fa1e6532) Importer(815301076,1909f56bfc062723c751e8b465ee728b)  -> (artifact id: '31e90186b66900f317cb684823af02c5') in 0.030359 seconds 
========================================================================
Received Import Request.
  Time since last request: 0.000030 seconds.
  path: Assets/QA_Books/Models/Books_32.fbx
  artifactKey: Guid(465b4d6e5f8841748a033dbc327c7019) Importer(815301076,1909f56bfc062723c751e8b465ee728b)
Start importing Assets/QA_Books/Models/Books_32.fbx using Guid(465b4d6e5f8841748a033dbc327c7019) Importer(815301076,1909f56bfc062723c751e8b465ee728b)  -> (artifact id: 'd2e0c16af31f3fad5d6536a66fb4703f') in 0.036770 seconds 
========================================================================
Received Import Request.
  Time since last request: 0.000016 seconds.
  path: Assets/QA_Books/Models/Books_28.fbx
  artifactKey: Guid(4a538a636d01b0344afb3e876ad9e089) Importer(815301076,1909f56bfc062723c751e8b465ee728b)
Start importing Assets/QA_Books/Models/Books_28.fbx using Guid(4a538a636d01b0344afb3e876ad9e089) Importer(815301076,1909f56bfc062723c751e8b465ee728b)  -> (artifact id: 'c958bf12c291eea0d74dba32ff10553d') in 0.035136 seconds 
========================================================================
Received Import Request.
  Time since last request: 0.000018 seconds.
  path: Assets/QA_Books/Models/Books_20.fbx
  artifactKey: Guid(2a2c082fbedac4c47a308fea4c936bb8) Importer(815301076,1909f56bfc062723c751e8b465ee728b)
Start importing Assets/QA_Books/Models/Books_20.fbx using Guid(2a2c082fbedac4c47a308fea4c936bb8) Importer(815301076,1909f56bfc062723c751e8b465ee728b)  -> (artifact id: 'fea081a75542d5d308dc618659ca30ec') in 0.026030 seconds 
========================================================================
Received Import Request.
  Time since last request: 0.000016 seconds.
  path: Assets/QA_Books/Models/Books_19.fbx
  artifactKey: Guid(1478829f93d16554fb05106eabf2d572) Importer(815301076,1909f56bfc062723c751e8b465ee728b)
Start importing Assets/QA_Books/Models/Books_19.fbx using Guid(1478829f93d16554fb05106eabf2d572) Importer(815301076,1909f56bfc062723c751e8b465ee728b)  -> (artifact id: '4548e399dc6a19ea870944caf7f1fb22') in 0.024773 seconds 
========================================================================
Received Import Request.
  Time since last request: 0.000017 seconds.
  path: Assets/QA_Books/Models/Books_16.fbx
  artifactKey: Guid(413893f6d9940894a87b98fdb5e27114) Importer(815301076,1909f56bfc062723c751e8b465ee728b)
Start importing Assets/QA_Books/Models/Books_16.fbx using Guid(413893f6d9940894a87b98fdb5e27114) Importer(815301076,1909f56bfc062723c751e8b465ee728b)  -> (artifact id: '51db2f332196c7bdc036214f0825c398') in 0.025533 seconds 
========================================================================
Received Import Request.
  Time since last request: 0.000019 seconds.
  path: Assets/QA_Books/Models/Books_25.fbx
  artifactKey: Guid(317520d594cd6134ba1d9a439094a6cf) Importer(815301076,1909f56bfc062723c751e8b465ee728b)
Start importing Assets/QA_Books/Models/Books_25.fbx using Guid(317520d594cd6134ba1d9a439094a6cf) Importer(815301076,1909f56bfc062723c751e8b465ee728b)  -> (artifact id: '566a12470ce20650abfa365b161bc019') in 0.024268 seconds 
========================================================================
Received Import Request.
  Time since last request: 0.000023 seconds.
  path: Assets/QA_Books/Models/Books_14.fbx
  artifactKey: Guid(5442419abc214b546aebbfce7cf66439) Importer(815301076,1909f56bfc062723c751e8b465ee728b)
Start importing Assets/QA_Books/Models/Books_14.fbx using Guid(5442419abc214b546aebbfce7cf66439) Importer(815301076,1909f56bfc062723c751e8b465ee728b)  -> (artifact id: 'c94378900cf434fc1196b663e7d39adc') in 0.025250 seconds 
========================================================================
Received Import Request.
  Time since last request: 0.000027 seconds.
  path: Assets/QA_Books/Models/Books_18.fbx
  artifactKey: Guid(182f1ffc93e3af74e930059a40cf75b0) Importer(815301076,1909f56bfc062723c751e8b465ee728b)
Start importing Assets/QA_Books/Models/Books_18.fbx using Guid(182f1ffc93e3af74e930059a40cf75b0) Importer(815301076,1909f56bfc062723c751e8b465ee728b)  -> (artifact id: '9e4efc990c41c38d3cead427f1ecd48d') in 0.027331 seconds 
========================================================================
Received Import Request.
  Time since last request: 0.000018 seconds.
  path: Assets/QA_Books/Models/Books_22.fbx
  artifactKey: Guid(66078628e305c0b4796081f1f6504003) Importer(815301076,1909f56bfc062723c751e8b465ee728b)
Start importing Assets/QA_Books/Models/Books_22.fbx using Guid(66078628e305c0b4796081f1f6504003) Importer(815301076,1909f56bfc062723c751e8b465ee728b)  -> (artifact id: '33c0fede987e98a7085e6a62d4333883') in 0.025198 seconds 
========================================================================
Received Import Request.
  Time since last request: 56.708539 seconds.
  path: Assets/Footstep(Snow and Grass)/Stepssingle sound/snow/Snow1 4-Audio.wav
  artifactKey: Guid(69ce65de178f68c409ed53debc0c8148) Importer(815301076,1909f56bfc062723c751e8b465ee728b)
Start importing Assets/Footstep(Snow and Grass)/Stepssingle sound/snow/Snow1 4-Audio.wav using Guid(69ce65de178f68c409ed53debc0c8148) Importer(815301076,1909f56bfc062723c751e8b465ee728b)  -> (artifact id: '6519979a2dfe4a5cb77131d530d60831') in 0.060690 seconds 
========================================================================
Received Import Request.
  Time since last request: 0.000026 seconds.
  path: Assets/Footstep(Snow and Grass)/Stepssingle sound/snow/Snow1 22-Audio.wav
  artifactKey: Guid(d0da27383b628e04799479cdd77eda95) Importer(815301076,1909f56bfc062723c751e8b465ee728b)
Start importing Assets/Footstep(Snow and Grass)/Stepssingle sound/snow/Snow1 22-Audio.wav using Guid(d0da27383b628e04799479cdd77eda95) Importer(815301076,1909f56bfc062723c751e8b465ee728b)  -> (artifact id: 'a4809ce0756c633cc47e359ff9da8892') in 0.097901 seconds 
========================================================================
Received Import Request.
  Time since last request: 0.000030 seconds.
  path: Assets/Footstep(Snow and Grass)/Stepssingle sound/snow/Snow1 30-Audio.wav
  artifactKey: Guid(27eb110229c1c2940b9e1cf4c05d2d41) Importer(815301076,1909f56bfc062723c751e8b465ee728b)
Start importing Assets/Footstep(Snow and Grass)/Stepssingle sound/snow/Snow1 30-Audio.wav using Guid(27eb110229c1c2940b9e1cf4c05d2d41) Importer(815301076,1909f56bfc062723c751e8b465ee728b)  -> (artifact id: 'e09b445a2eb2f1e80c8b4506c60b9331') in 0.056542 seconds 
========================================================================
Received Import Request.
  Time since last request: 0.000017 seconds.
  path: Assets/Footstep(Snow and Grass)/Stepssingle sound/snow/Snow1 13-Audio.wav
  artifactKey: Guid(214703d4bec78a34f980ea6353c598f0) Importer(815301076,1909f56bfc062723c751e8b465ee728b)
Start importing Assets/Footstep(Snow and Grass)/Stepssingle sound/snow/Snow1 13-Audio.wav using Guid(214703d4bec78a34f980ea6353c598f0) Importer(815301076,1909f56bfc062723c751e8b465ee728b)  -> (artifact id: 'b8bb23391921261084e4aaf70b65af5f') in 0.017159 seconds 
========================================================================
Received Import Request.
  Time since last request: 0.000021 seconds.
  path: Assets/Footstep(Snow and Grass)/Stepssingle sound/snow/Snow1 8-Audio.wav
  artifactKey: Guid(706fe9682ff24844e9b6f71d56f9b9e1) Importer(815301076,1909f56bfc062723c751e8b465ee728b)
Start importing Assets/Footstep(Snow and Grass)/Stepssingle sound/snow/Snow1 8-Audio.wav using Guid(706fe9682ff24844e9b6f71d56f9b9e1) Importer(815301076,1909f56bfc062723c751e8b465ee728b)  -> (artifact id: '6a22ade189c97277d99ef1ad8378cddb') in 0.015642 seconds 
========================================================================
Received Import Request.
  Time since last request: 0.000016 seconds.
  path: Assets/Footstep(Snow and Grass)/Stepssingle sound/snow/Snow1 18-Audio.wav
  artifactKey: Guid(4acc9d4b8ecfa8d4e9fdb67c95d93ca7) Importer(815301076,1909f56bfc062723c751e8b465ee728b)
Start importing Assets/Footstep(Snow and Grass)/Stepssingle sound/snow/Snow1 18-Audio.wav using Guid(4acc9d4b8ecfa8d4e9fdb67c95d93ca7) Importer(815301076,1909f56bfc062723c751e8b465ee728b)  -> (artifact id: 'f9839c288a6f507cb2b28c5528bee2cf') in 0.014556 seconds 
========================================================================
Received Prepare
Registering precompiled user dll's ...
Registered in 0.004243 seconds.
Begin MonoManager ReloadAssembly
Symbol file LoadedFromMemory doesn't match image C:\Users\trias\OneDrive\Desktop\Yes\CS583\Slender\Library\PackageCache\com.unity.visualscripting@1.8.0\Editor\VisualScripting.Core\Dependencies\YamlDotNet\Unity.VisualScripting.YamlDotNet.dll
Symbol file LoadedFromMemory doesn't match image C:\Users\trias\OneDrive\Desktop\Yes\CS583\Slender\Library\PackageCache\com.unity.visualscripting@1.8.0\Editor\VisualScripting.Core\Dependencies\DotNetZip\Unity.VisualScripting.IonicZip.dll
Native extension for WindowsStandalone target not found
Refreshing native plugins compatible for Editor in 0.67 ms, found 1 plugins.
Preloading 0 native plugins for Editor in 0.00 ms.
Mono: successfully reloaded assembly
- Completed reload, in  0.747 seconds
Domain Reload Profiling:
	ReloadAssembly (747ms)
		BeginReloadAssembly (171ms)
			ExecutionOrderSort (0ms)
			DisableScriptedObjects (4ms)
			BackupInstance (0ms)
			ReleaseScriptingObjects (0ms)
			CreateAndSetChildDomain (30ms)
		EndReloadAssembly (508ms)
			LoadAssemblies (126ms)
			RebuildTransferFunctionScriptingTraits (0ms)
			SetupTypeCache (188ms)
			ReleaseScriptCaches (1ms)
			RebuildScriptCaches (29ms)
			SetupLoadedEditorAssemblies (195ms)
				LogAssemblyErrors (0ms)
				InitializePlatformSupportModulesInManaged (10ms)
				SetLoadedEditorAssemblies (0ms)
				RefreshPlugins (1ms)
				BeforeProcessingInitializeOnLoad (44ms)
				ProcessInitializeOnLoadAttributes (120ms)
				ProcessInitializeOnLoadMethodAttributes (19ms)
				AfterProcessingInitializeOnLoad (2ms)
				EditorAssembliesLoaded (0ms)
			ExecutionOrderSort2 (0ms)
			AwakeInstancesAfterBackupRestoration (5ms)
Platform modules already initialized, skipping
Refreshing native plugins compatible for Editor in 1.85 ms, found 1 plugins.
Preloading 0 native plugins for Editor in 0.00 ms.
Unloading 2745 Unused Serialized files (Serialized files now loaded: 0)
Unloading 8 unused Assets / (24.6 KB). Loaded Objects now: 3256.
Memory consumption went from 116.2 MB to 116.2 MB.
Total: 2.661000 ms (FindLiveObjects: 0.213600 ms CreateObjectMapping: 0.058000 ms MarkObjects: 2.371300 ms  DeleteObjects: 0.017300 ms)

AssetImportParameters requested are different than current active one (requested -> active):
  custom:video-decoder-ogg-theora: a1e56fd34408186e4bbccfd4996cb3dc -> 
  custom:container-muxer-webm: aa71ff27fc2769a1b78a27578f13a17b -> 
  custom:container-demuxer-webm: 4f35f7cbe854078d1ac9338744f61a02 -> 
  custom:video-encoder-webm-vp8: eb34c28f22e8b96e1ab97ce403110664 -> 
  custom:audio-encoder-webm-vorbis: bf7c407c2cedff20999df2af8eb42d56 -> 
  custom:framework-win-MediaFoundation: 216162199b28c13a410421893ffa2e32 -> 
  custom:container-demuxer-ogg: 62fdf1f143b41e24485cea50d1cbac27 -> 
  custom:video-decoder-webm-vp8: 9c59270c3fd7afecdb556c50c9e8de78 -> 
  custom:audio-decoder-ogg-vorbis: bf7c407c2cedff20999df2af8eb42d56 -> 
========================================================================
Received Prepare
Registering precompiled user dll's ...
Registered in 0.002395 seconds.
Begin MonoManager ReloadAssembly
Symbol file LoadedFromMemory doesn't match image C:\Users\trias\OneDrive\Desktop\Yes\CS583\Slender\Library\PackageCache\com.unity.visualscripting@1.8.0\Editor\VisualScripting.Core\Dependencies\YamlDotNet\Unity.VisualScripting.YamlDotNet.dll
Symbol file LoadedFromMemory doesn't match image C:\Users\trias\OneDrive\Desktop\Yes\CS583\Slender\Library\PackageCache\com.unity.visualscripting@1.8.0\Editor\VisualScripting.Core\Dependencies\DotNetZip\Unity.VisualScripting.IonicZip.dll
Native extension for WindowsStandalone target not found
Refreshing native plugins compatible for Editor in 0.43 ms, found 1 plugins.
Preloading 0 native plugins for Editor in 0.00 ms.
Mono: successfully reloaded assembly
- Completed reload, in  0.751 seconds
Domain Reload Profiling:
	ReloadAssembly (752ms)
		BeginReloadAssembly (165ms)
			ExecutionOrderSort (0ms)
			DisableScriptedObjects (4ms)
			BackupInstance (0ms)
			ReleaseScriptingObjects (0ms)
			CreateAndSetChildDomain (25ms)
		EndReloadAssembly (517ms)
			LoadAssemblies (126ms)
			RebuildTransferFunctionScriptingTraits (0ms)
			SetupTypeCache (189ms)
			ReleaseScriptCaches (1ms)
			RebuildScriptCaches (35ms)
			SetupLoadedEditorAssemblies (196ms)
				LogAssemblyErrors (0ms)
				InitializePlatformSupportModulesInManaged (9ms)
				SetLoadedEditorAssemblies (0ms)
				RefreshPlugins (0ms)
				BeforeProcessingInitializeOnLoad (48ms)
				ProcessInitializeOnLoadAttributes (119ms)
				ProcessInitializeOnLoadMethodAttributes (17ms)
				AfterProcessingInitializeOnLoad (3ms)
				EditorAssembliesLoaded (0ms)
			ExecutionOrderSort2 (0ms)
			AwakeInstancesAfterBackupRestoration (5ms)
Platform modules already initialized, skipping
Refreshing native plugins compatible for Editor in 1.66 ms, found 1 plugins.
Preloading 0 native plugins for Editor in 0.00 ms.
Unloading 2745 Unused Serialized files (Serialized files now loaded: 0)
Unloading 8 unused Assets / (24.7 KB). Loaded Objects now: 3259.
Memory consumption went from 116.2 MB to 116.2 MB.
Total: 3.737700 ms (FindLiveObjects: 0.429000 ms CreateObjectMapping: 0.207600 ms MarkObjects: 3.081500 ms  DeleteObjects: 0.018900 ms)

AssetImportParameters requested are different than current active one (requested -> active):
  custom:video-decoder-ogg-theora: a1e56fd34408186e4bbccfd4996cb3dc -> 
  custom:container-muxer-webm: aa71ff27fc2769a1b78a27578f13a17b -> 
  custom:container-demuxer-webm: 4f35f7cbe854078d1ac9338744f61a02 -> 
  custom:video-encoder-webm-vp8: eb34c28f22e8b96e1ab97ce403110664 -> 
  custom:audio-encoder-webm-vorbis: bf7c407c2cedff20999df2af8eb42d56 -> 
  custom:framework-win-MediaFoundation: 216162199b28c13a410421893ffa2e32 -> 
  custom:container-demuxer-ogg: 62fdf1f143b41e24485cea50d1cbac27 -> 
  custom:video-decoder-webm-vp8: 9c59270c3fd7afecdb556c50c9e8de78 -> 
  custom:audio-decoder-ogg-vorbis: bf7c407c2cedff20999df2af8eb42d56 -> 
Editor requested this worker to shutdown with reason: Scaling down because of idle timeout
AssetImportWorker is now disconnected from the server
Process exiting
Exiting without the bug reporter. Application will terminate with return code 0